Log file open, 07/27/19 09:38:37
LogWindows: Failed to load 'aqProf.dll' (GetLastError=126)
LogWindows: File 'aqProf.dll' does not exist
LogWindows: Failed to load 'VSPerf140.dll' (GetLastError=126)
LogWindows: File 'VSPerf140.dll' does not exist
LogWindows: Failed to load 'VtuneApi.dll' (GetLastError=126)
LogWindows: File 'VtuneApi.dll' does not exist
LogWindows: Failed to load 'VtuneApi32e.dll' (GetLastError=126)
LogWindows: File 'VtuneApi32e.dll' does not exist
LogInit: Display: Running engine for game: DungeonChef
LogPlatformFile: Not using cached read wrapper
LogTaskGraph: Started task graph with 5 named threads and 23 total threads with 3 sets of task threads.
LogStats: Stats thread started at 0.342739
LogD3D11RHI: Loaded GFSDK_Aftermath_Lib.x64.dll
LogICUInternationalization: Display: ICU TimeZone Detection - Raw Offset: +10:00, Platform Override: ''
LogPluginManager: Mounting plugin Paper2D
LogPluginManager: Mounting plugin AISupport
LogPluginManager: Mounting plugin LightPropagationVolume
LogPluginManager: Mounting plugin CLionSourceCodeAccess
LogPluginManager: Mounting plugin CodeLiteSourceCodeAccess
LogPluginManager: Mounting plugin GitSourceControl
LogPluginManager: Mounting plugin KDevelopSourceCodeAccess
LogPluginManager: Mounting plugin NullSourceCodeAccess
LogPluginManager: Mounting plugin PerforceSourceControl
LogPluginManager: Mounting plugin SubversionSourceControl
LogPluginManager: Mounting plugin UObjectPlugin
LogPluginManager: Mounting plugin VisualStudioCodeSourceCodeAccess
LogPluginManager: Mounting plugin VisualStudioSourceCodeAccess
LogPluginManager: Mounting plugin XCodeSourceCodeAccess
LogPluginManager: Mounting plugin AssetManagerEditor
LogPluginManager: Mounting plugin CryptoKeys
LogPluginManager: Mounting plugin DataValidation
LogPluginManager: Mounting plugin FacialAnimation
LogPluginManager: Mounting plugin GameplayTagsEditor
LogPluginManager: Mounting plugin MacGraphicsSwitching
LogPluginManager: Mounting plugin MeshEditor
LogPluginManager: Mounting plugin MobileLauncherProfileWizard
LogPluginManager: Mounting plugin PluginBrowser
LogPluginManager: Mounting plugin SpeedTreeImporter
LogPluginManager: Mounting plugin DatasmithContent
LogPluginManager: Mounting plugin AlembicImporter
LogPluginManager: Mounting plugin AppleImageUtils
LogPluginManager: Mounting plugin AppleVision
LogPluginManager: Mounting plugin BackChannel
LogPluginManager: Mounting plugin CharacterAI
LogPluginManager: Mounting plugin GeometryCache
LogPluginManager: Mounting plugin HTML5Networking
LogPluginManager: Mounting plugin ProxyLODPlugin
LogPluginManager: Mounting plugin MagicLeap
LogPluginManager: Mounting plugin MagicLeapEmulator
LogPluginManager: Mounting plugin MagicLeapMedia
LogPluginManager: Mounting plugin AndroidMedia
LogPluginManager: Mounting plugin AvfMedia
LogPluginManager: Mounting plugin ImgMedia
LogPluginManager: Mounting plugin LinearTimecode
LogPluginManager: Mounting plugin MediaCompositing
LogPluginManager: Mounting plugin MediaPlayerEditor
LogPluginManager: Mounting plugin WmfMedia
LogPluginManager: Mounting plugin TcpMessaging
LogPluginManager: Mounting plugin UdpMessaging
LogPluginManager: Mounting plugin ActorSequence
LogPluginManager: Mounting plugin LevelSequenceEditor
LogPluginManager: Mounting plugin MatineeToLevelSequence
LogPluginManager: Mounting plugin NetcodeUnitTest
LogPluginManager: Mounting plugin NUTUnrealEngine4
LogPluginManager: Mounting plugin OnlineSubsystemGooglePlay
LogPluginManager: Mounting plugin OnlineSubsystemIOS
LogPluginManager: Mounting plugin OnlineSubsystem
LogPluginManager: Mounting plugin OnlineSubsystemNull
LogPluginManager: Mounting plugin OnlineSubsystemUtils
LogPluginManager: Mounting plugin LauncherChunkInstaller
LogPluginManager: Mounting plugin AndroidDeviceProfileSelector
LogPluginManager: Mounting plugin AndroidMoviePlayer
LogPluginManager: Mounting plugin AndroidPermission
LogPluginManager: Mounting plugin AppleMoviePlayer
LogPluginManager: Mounting plugin ArchVisCharacter
LogPluginManager: Mounting plugin AudioCapture
LogPluginManager: Mounting plugin CableComponent
LogPluginManager: Mounting plugin CustomMeshComponent
LogPluginManager: Mounting plugin EditableMesh
LogPluginManager: Mounting plugin ExampleDeviceProfileSelector
LogPluginManager: Mounting plugin GoogleCloudMessaging
LogPluginManager: Mounting plugin ImmediatePhysics
LogPluginManager: Mounting plugin IOSDeviceProfileSelector
LogPluginManager: Mounting plugin LinuxDeviceProfileSelector
LogPluginManager: Mounting plugin LocationServicesBPLibrary
LogPluginManager: Mounting plugin MobilePatchingUtils
LogPluginManager: Mounting plugin OculusVR
LogPluginManager: Plugin shader directory ../../../Engine/Plugins/Runtime/Oculus/OculusVR/Shaders found
LogPluginManager: Mapping shader source directory ../../../Engine/Plugins/Runtime/Oculus/OculusVR/Shaders to virtual directory /Plugin/OculusVR
LogPluginManager: Mounting plugin PhysXVehicles
LogPluginManager: Mounting plugin ProceduralMeshComponent
LogPluginManager: Mounting plugin RuntimePhysXCooking
LogPluginManager: Mounting plugin SteamVR
LogPluginManager: Mounting plugin WindowsMoviePlayer
LogStreaming: Display: Took  0.082s to configure plugins.
LogInit: Using libcurl 7.55.1-DEV
LogInit:  - built for x86_64-pc-win32
LogInit:  - supports SSL with OpenSSL/1.0.2h
LogInit:  - supports HTTP deflate (compression) using libz 1.2.8
LogInit:  - other features:
LogInit:      CURL_VERSION_SSL
LogInit:      CURL_VERSION_LIBZ
LogInit:      CURL_VERSION_IPV6
LogInit:      CURL_VERSION_ASYNCHDNS
LogInit:      CURL_VERSION_LARGEFILE
LogInit:      CURL_VERSION_IDN
LogInit:  CurlRequestOptions (configurable via config and command line):
LogInit:  - bVerifyPeer = false  - Libcurl will NOT verify peer certificate
LogInit:  - bUseHttpProxy = false  - Libcurl will NOT use HTTP proxy
LogInit:  - bDontReuseConnections = false  - Libcurl will reuse connections
LogInit:  - CertBundlePath = nullptr  - Libcurl will use whatever was configured at build time.
LogInit:  - MaxHostConnections = 16  - Libcurl will limit the number of connections to a host
LogInit:  - LocalHostAddr = Default
LogInit:  - BufferSize = 65536
LogInit: WinSock: version 1.1 (2.2), MaxSocks=32767, MaxUdp=65467
LogInit: Build: ++UE4+Release-4.20-CL-4369336
LogInit: Engine Version: 4.20.3-4369336+++UE4+Release-4.20
LogInit: Compatible Engine Version: 4.20.0-4212847+++UE4+Release-4.20
LogInit: Net CL: 4212847
LogInit: OS: Windows 10 (), CPU: Intel(R) Core(TM) i7-6700 CPU @ 3.40GHz, GPU: NVIDIA GeForce GTX 960
LogInit: Compiled (64-bit): Sep 17 2018 12:26:19
LogInit: Compiled with Visual C++: 19.13.26129.00
LogInit: Build Configuration: Development
LogInit: Branch Name: ++UE4+Release-4.20
LogInit: Command Line: 
LogInit: Base Directory: C:/Program Files/Epic Games/UE_4.20/Engine/Binaries/Win64/
LogInit: Installed Engine Build: 1
LogDevObjectVersion: Number of dev versions registered: 20
LogDevObjectVersion:   Dev-Blueprints (B0D832E4-1F89-4F0D-ACCF-7EB736FD4AA2): 10
LogDevObjectVersion:   Dev-Build (E1C64328-A22C-4D53-A36C-8E866417BD8C): 0
LogDevObjectVersion:   Dev-Core (375EC13C-06E4-48FB-B500-84F0262A717E): 2
LogDevObjectVersion:   Dev-Editor (E4B068ED-F494-42E9-A231-DA0B2E46BB41): 24
LogDevObjectVersion:   Dev-Framework (CFFC743F-43B0-4480-9391-14DF171D2073): 34
LogDevObjectVersion:   Dev-Mobile (B02B49B5-BB20-44E9-A304-32B752E40360): 2
LogDevObjectVersion:   Dev-Networking (A4E4105C-59A1-49B5-A7C5-40C4547EDFEE): 0
LogDevObjectVersion:   Dev-Online (39C831C9-5AE6-47DC-9A44-9C173E1C8E7C): 0
LogDevObjectVersion:   Dev-Physics (78F01B33-EBEA-4F98-B9B4-84EACCB95AA2): 0
LogDevObjectVersion:   Dev-Platform (6631380F-2D4D-43E0-8009-CF276956A95A): 0
LogDevObjectVersion:   Dev-Rendering (12F88B9F-8875-4AFC-A67C-D90C383ABD29): 26
LogDevObjectVersion:   Dev-Sequencer (7B5AE74C-D270-4C10-A958-57980B212A5A): 9
LogDevObjectVersion:   Dev-VR (D7296918-1DD6-4BDD-9DE2-64A83CC13884): 2
LogDevObjectVersion:   Dev-LoadTimes (C2A15278-BFE7-4AFE-6C17-90FF531DF755): 1
LogDevObjectVersion:   Private-Geometry (6EACA3D4-40EC-4CC1-B786-8BED09428FC5): 3
LogDevObjectVersion:   Dev-AnimPhys (29E575DD-E0A3-4627-9D10-D276232CDCEA): 17
LogDevObjectVersion:   Dev-ReflectionCapture (6B266CEC-1EC7-4B8F-A30B-E4D90942FC07): 1
LogDevObjectVersion:   Dev-Automation (0DF73D61-A23F-47EA-B727-89E90C41499A): 1
LogDevObjectVersion:   FortniteMain (601D1886-AC64-4F84-AA16-D3DE0DEAC7D6): 12
LogDevObjectVersion:   Dev-Enterprise (9DFFBCD6-494F-0158-E221-12823C92A888): 1
LogStreaming: Display: Took  0.000s to delete old logs.
LogInit: Presizing for max 8388607 objects, including 0 objects not considered by GC, pre-allocating 0 bytes for permanent pool.
LogInit: Object subsystem initialized
[2019.07.26-23.38.37:626][  0]LogInit: Selected Device Profile: [Windows]
[2019.07.26-23.38.37:626][  0]LogInit: Applying CVar settings loaded from the selected device profile: [Windows]
[2019.07.26-23.38.37:648][  0]LogHAL: Display: Platform has ~ 32 GB [34293108736 / 34359738368 / 32], which maps to Largest [LargestMinGB=32, LargerMinGB=12, DefaultMinGB=8, SmallerMinGB=6, SmallestMinGB=0)
[2019.07.26-23.38.37:648][  0]LogInit: Setting Device Profile CVar: [[r.Vulkan.UseRealUBs:1]]
[2019.07.26-23.38.37:648][  0]LogInit: Going up to parent DeviceProfile []
[2019.07.26-23.38.37:649][  0]LogInit: Computer: CAN-CBDD93
[2019.07.26-23.38.37:649][  0]LogInit: User: s171872
[2019.07.26-23.38.37:649][  0]LogInit: CPU Page size=4096, Cores=4
[2019.07.26-23.38.37:649][  0]LogInit: High frequency timer resolution =3.328126 MHz
[2019.07.26-23.38.37:650][  0]LogMemory: Memory total: Physical=31.9GB (32GB approx)
[2019.07.26-23.38.37:650][  0]LogMemory: Platform Memory Stats for Windows
[2019.07.26-23.38.37:650][  0]LogMemory: Process Physical Memory: 101.07 MB used, 101.07 MB peak
[2019.07.26-23.38.37:650][  0]LogMemory: Process Virtual Memory: 96.73 MB used, 96.73 MB peak
[2019.07.26-23.38.37:650][  0]LogMemory: Physical Memory: 3983.10 MB used,  28721.36 MB free, 32704.46 MB total
[2019.07.26-23.38.37:650][  0]LogMemory: Virtual Memory: 4645.54 MB used,  28721.36 MB free, 134217728.00 MB total
[2019.07.26-23.38.37:766][  0]LogInit: Using OS detected language (en-US).
[2019.07.26-23.38.37:766][  0]LogInit: Using OS detected locale (en-US).
[2019.07.26-23.38.37:766][  0]LogTextLocalizationManager: No specific localization for 'en-US' exists, so the 'en' localization will be used.
[2019.07.26-23.38.38:110][  0]LogStreaming: Display: Took  0.345s to InitEngineTextLocalization.
[2019.07.26-23.38.38:110][  0]LogInit: Setting process to per monitor DPI aware
[2019.07.26-23.38.38:165][  0]LogSlate: New Slate User Created.  User Index 0, Is Virtual User: 0
[2019.07.26-23.38.38:165][  0]LogSlate: Slate User Registered.  User Index 0, Is Virtual User: 0
[2019.07.26-23.38.39:518][  0]LogHMD: Failed to initialize OpenVR with code 110
[2019.07.26-23.38.39:518][  0]LogD3D11RHI: D3D11 adapters:
[2019.07.26-23.38.39:569][  0]LogD3D11RHI:    0. 'NVIDIA GeForce GTX 960' (Feature Level 11_0)
[2019.07.26-23.38.39:569][  0]LogD3D11RHI:       4053/0/16352 MB DedicatedVideo/DedicatedSystem/SharedSystem, Outputs:2, VendorId:0x10de
[2019.07.26-23.38.39:571][  0]LogD3D11RHI:    1. 'Microsoft Basic Render Driver' (Feature Level 11_0)
[2019.07.26-23.38.39:571][  0]LogD3D11RHI:       0/0/16352 MB DedicatedVideo/DedicatedSystem/SharedSystem, Outputs:0, VendorId:0x1414
[2019.07.26-23.38.39:571][  0]LogD3D11RHI: Chosen D3D11 Adapter: 0
[2019.07.26-23.38.39:575][  0]LogD3D11RHI: Creating new Direct3DDevice
[2019.07.26-23.38.39:575][  0]LogD3D11RHI:     GPU DeviceId: 0x1401 (for the marketing name, search the web for "GPU Device Id")
[2019.07.26-23.38.39:575][  0]LogWindows: EnumDisplayDevices:
[2019.07.26-23.38.39:575][  0]LogWindows:    0. 'NVIDIA GeForce GTX 960' (P:1 D:1)
[2019.07.26-23.38.39:575][  0]LogWindows:    1. 'NVIDIA GeForce GTX 960' (P:0 D:1)
[2019.07.26-23.38.39:575][  0]LogWindows:    2. 'NVIDIA GeForce GTX 960' (P:0 D:0)
[2019.07.26-23.38.39:575][  0]LogWindows:    3. 'NVIDIA GeForce GTX 960' (P:0 D:0)
[2019.07.26-23.38.39:575][  0]LogWindows: DebugString: FoundDriverCount:4 
[2019.07.26-23.38.39:575][  0]LogD3D11RHI:     Adapter Name: NVIDIA GeForce GTX 960
[2019.07.26-23.38.39:575][  0]LogD3D11RHI:   Driver Version: 417.35 (internal:25.21.14.1735, unified:417.35)
[2019.07.26-23.38.39:575][  0]LogD3D11RHI:      Driver Date: 12-11-2018
[2019.07.26-23.38.39:575][  0]LogRHI: Texture pool is 2837 MB (70% of 4053 MB)
[2019.07.26-23.38.39:606][  0]LogD3D11RHI: Async texture creation enabled
[2019.07.26-23.38.39:623][  0]LogD3D11RHI: GPU Timing Frequency: 1000.000000 (Debug: 2 2)
[2019.07.26-23.38.39:625][  0]LogShaderCompilers: Guid format shader working directory is -14 characters bigger than the processId version (../../../../../../Users/s171872/Desktop/DungeonChef/DungeonChef/Intermediate/Shaders/WorkingDirectory/820/).
[2019.07.26-23.38.39:625][  0]LogShaderCompilers: Cleaned the shader compiler working directory 'C:/Users/s171872/AppData/Local/Temp/UnrealShaderWorkingDir/40D5D43542797D436D892481D8CF31FA/'.
[2019.07.26-23.38.39:863][  0]LogTemp: Display: Loaded TP AllDesktopTargetPlatform
[2019.07.26-23.38.39:874][  0]LogTemp: Display: Loaded TP MacClientTargetPlatform
[2019.07.26-23.38.39:885][  0]LogTemp: Display: Loaded TP MacNoEditorTargetPlatform
[2019.07.26-23.38.39:897][  0]LogTemp: Display: Loaded TP MacServerTargetPlatform
[2019.07.26-23.38.39:911][  0]LogTemp: Display: Loaded TP MacTargetPlatform
[2019.07.26-23.38.39:922][  0]LogTemp: Display: Loaded TP WindowsClientTargetPlatform
[2019.07.26-23.38.39:933][  0]LogTemp: Display: Loaded TP WindowsNoEditorTargetPlatform
[2019.07.26-23.38.39:943][  0]LogTemp: Display: Loaded TP WindowsServerTargetPlatform
[2019.07.26-23.38.39:948][  0]LogTemp: Display: Loaded TP WindowsTargetPlatform
[2019.07.26-23.38.40:019][  0]LogTemp: Display: Loaded TP AndroidTargetPlatform
[2019.07.26-23.38.40:019][  0]LogTemp: Display: Loaded TP AndroidTargetPlatform
[2019.07.26-23.38.40:019][  0]LogTemp: Display: Loaded TP AndroidTargetPlatform
[2019.07.26-23.38.40:019][  0]LogTemp: Display: Loaded TP AndroidTargetPlatform
[2019.07.26-23.38.40:019][  0]LogTemp: Display: Loaded TP AndroidTargetPlatform
[2019.07.26-23.38.40:019][  0]LogTemp: Display: Loaded TP AndroidTargetPlatform
[2019.07.26-23.38.40:019][  0]LogTemp: Display: Loaded TP AndroidTargetPlatform
[2019.07.26-23.38.40:019][  0]LogTemp: Display: Loaded TP AndroidTargetPlatform
[2019.07.26-23.38.40:019][  0]LogTemp: Display: Loaded TP AndroidTargetPlatform
[2019.07.26-23.38.40:019][  0]LogTemp: Display: Loaded TP AndroidTargetPlatform
[2019.07.26-23.38.40:019][  0]LogTemp: Display: Loaded TP AndroidTargetPlatform
[2019.07.26-23.38.40:019][  0]LogTemp: Display: Loaded TP AndroidTargetPlatform
[2019.07.26-23.38.40:019][  0]LogTemp: Display: Loaded TP AndroidTargetPlatform
[2019.07.26-23.38.40:019][  0]LogTemp: Display: Loaded TP AndroidTargetPlatform
[2019.07.26-23.38.40:019][  0]LogTemp: Display: Loaded TP AndroidTargetPlatform
[2019.07.26-23.38.40:019][  0]LogTemp: Display: Loaded TP AndroidTargetPlatform
[2019.07.26-23.38.40:019][  0]LogTemp: Display: Loaded TP AndroidTargetPlatform
[2019.07.26-23.38.40:019][  0]LogTemp: Display: Loaded TP AndroidTargetPlatform
[2019.07.26-23.38.40:021][  0]LogTemp: Display: Loaded TP HTML5TargetPlatform
[2019.07.26-23.38.40:082][  0]LogTemp: Display: Loaded TP IOSTargetPlatform
[2019.07.26-23.38.40:082][  0]LogTemp: Display: Loaded TP IOSTargetPlatform
[2019.07.26-23.38.40:100][  0]LogTemp: Display: Loaded TP TVOSTargetPlatform
[2019.07.26-23.38.40:100][  0]LogTemp: Display: Loaded TP TVOSTargetPlatform
[2019.07.26-23.38.40:111][  0]LogTemp: Display: Loaded TP LinuxClientTargetPlatform
[2019.07.26-23.38.40:121][  0]LogTemp: Display: Loaded TP LinuxNoEditorTargetPlatform
[2019.07.26-23.38.40:132][  0]LogTemp: Display: Loaded TP LinuxServerTargetPlatform
[2019.07.26-23.38.40:148][  0]LogTemp: Display: Loaded TP LinuxTargetPlatform
[2019.07.26-23.38.40:155][  0]LogTemp: Display: Loaded TP LuminTargetPlatform
[2019.07.26-23.38.40:155][  0]LogTargetPlatformManager: Display: Building Assets For Windows
[2019.07.26-23.38.40:240][  0]LogXGEController: Cleaning working directory: C:/Users/s171872/AppData/Local/Temp/UnrealXGEWorkingDir/
[2019.07.26-23.38.40:240][  0]LogXGEController: Cannot use XGE Controller as Incredibuild is not installed on this machine.
[2019.07.26-23.38.40:240][  0]LogShaderCompilers: Cannot use XGE Shader Compiler as Incredibuild is not installed on this machine.
[2019.07.26-23.38.40:240][  0]LogShaderCompilers: Display: Using Local Shader Compiler.
[2019.07.26-23.38.41:584][  0]LogDerivedDataCache: Display: Max Cache Size: 512 MB
[2019.07.26-23.38.41:631][  0]LogDerivedDataCache: Loaded boot cache 0.05s 71MB C:/Users/s171872/AppData/Local/UnrealEngine/4.20/DerivedDataCache/Boot.ddc.
[2019.07.26-23.38.41:631][  0]LogDerivedDataCache: Display: Loaded Boot cache: C:/Users/s171872/AppData/Local/UnrealEngine/4.20/DerivedDataCache/Boot.ddc
[2019.07.26-23.38.41:632][  0]LogDerivedDataCache: FDerivedDataBackendGraph:  Pak pak cache file ../../../../../../Users/s171872/Desktop/DungeonChef/DungeonChef/DerivedDataCache/DDC.ddp not found, will not use a pak cache.
[2019.07.26-23.38.41:632][  0]LogDerivedDataCache: Unable to find inner node Pak for hierarchical cache Hierarchy.
[2019.07.26-23.38.41:632][  0]LogDerivedDataCache: FDerivedDataBackendGraph:  CompressedPak pak cache file ../../../../../../Users/s171872/Desktop/DungeonChef/DungeonChef/DerivedDataCache/Compressed.ddp not found, will not use a pak cache.
[2019.07.26-23.38.41:632][  0]LogDerivedDataCache: Unable to find inner node CompressedPak for hierarchical cache Hierarchy.
[2019.07.26-23.38.41:646][  0]LogDerivedDataCache: Display: Pak cache opened for reading ../../../Engine/DerivedDataCache/Compressed.ddp.
[2019.07.26-23.38.41:658][  0]LogDerivedDataCache: Using Local data cache path C:/Users/s171872/AppData/Local/UnrealEngine/Common/DerivedDataCache: Writable
[2019.07.26-23.38.41:658][  0]LogDerivedDataCache: Shared data cache path not found in *engine.ini, will not use an Shared cache.
[2019.07.26-23.38.41:658][  0]LogDerivedDataCache: Unable to find inner node Shared for hierarchical cache Hierarchy.
[2019.07.26-23.38.41:674][  0]LogMaterial: Verifying Global Shaders for PCD3D_SM5
[2019.07.26-23.38.41:675][  0]LogSlate: Using FreeType 2.6.0
[2019.07.26-23.38.41:685][  0]LogSlate: SlateFontServices - WITH_FREETYPE: 1, WITH_HARFBUZZ: 1
[2019.07.26-23.38.41:851][  0]LogAssetRegistry: FAssetRegistry took 0.0258 seconds to start up
[2019.07.26-23.38.42:115][  0]LogInit: Selected Device Profile: [Windows]
[2019.07.26-23.38.42:306][  0]LogSimplygon: Simplygon DLL not present - disabling.
[2019.07.26-23.38.42:309][  0]LogMeshReduction: Using SimplygonSwarm for distributed automatic mesh merging
[2019.07.26-23.38.42:309][  0]LogMeshReduction: Using ProxyLODMeshReduction for automatic mesh merging
[2019.07.26-23.38.42:309][  0]LogMeshReduction: Using QuadricMeshReduction for automatic static mesh reduction
[2019.07.26-23.38.42:309][  0]LogMeshReduction: No automatic skeletal mesh reduction module available
[2019.07.26-23.38.42:339][  0]LogNetVersion: DungeonChef 1.0.0, NetCL: 4212847, EngineNetVer: 5, GameNetVer: 0 (Checksum: 2222090823)
[2019.07.26-23.38.43:189][  0]LogPackageLocalizationCache: Processed 11 localized package path(s) for 2 prioritized culture(s) in 0.100643 seconds
[2019.07.26-23.38.43:194][  0]LogUObjectArray: 38425 objects as part of root set at end of initial load.
[2019.07.26-23.38.43:194][  0]LogUObjectAllocator: 6690864 out of 0 bytes used by permanent object pool.
[2019.07.26-23.38.43:194][  0]LogUObjectArray: CloseDisregardForGC: 0/0 objects in disregard for GC pool
[2019.07.26-23.38.45:203][  0]LogTcpMessaging: Initializing TcpMessaging bridge
[2019.07.26-23.38.45:216][  0]LogUdpMessaging: Initializing bridge on interface 0.0.0.0:0 to multicast group 230.0.0.1:6666.
[2019.07.26-23.38.45:405][  0]SourceControl: Source control is disabled
[2019.07.26-23.38.45:405][  0]SourceControl: Source control is disabled
[2019.07.26-23.38.45:406][  0]SourceControl: Source control is disabled
[2019.07.26-23.38.45:407][  0]SourceControl: Source control is disabled
[2019.07.26-23.38.45:577][  0]LogAndroidPermission: UAndroidPermissionCallbackProxy::GetInstance
[2019.07.26-23.38.45:613][  0]LogOcInput: OculusInput pre-init called
[2019.07.26-23.38.45:684][  0]LogEngine: Initializing Engine...
[2019.07.26-23.38.45:685][  0]LogHMD: Failed to initialize OpenVR with code 110
[2019.07.26-23.38.45:686][  0]LogStats: UGameplayTagsManager::ConstructGameplayTagTree: ImportINI prefixes -  0.000 s
[2019.07.26-23.38.45:686][  0]LogStats: UGameplayTagsManager::ConstructGameplayTagTree: Construct from data asset -  0.000 s
[2019.07.26-23.38.45:686][  0]LogStats: UGameplayTagsManager::ConstructGameplayTagTree: ImportINI -  0.000 s
[2019.07.26-23.38.45:686][  0]LogStats: UGameplayTagsManager::ConstructGameplayTagTree: GameplayTagTreeChangedEvent.Broadcast -  0.000 s
[2019.07.26-23.38.45:997][  0]LogInit: Initializing FReadOnlyCVARCache
[2019.07.26-23.38.46:006][  0]LogAIModule: Creating AISystem for world Untitled
[2019.07.26-23.38.46:012][  0]LogInit: XAudio2 using 'Realtek Digital Output (Realtek High Definition Audio)' : 2 channels at 48 kHz using 16 bits per sample (channel mask 0x3)
[2019.07.26-23.38.46:041][  0]LogInit: FAudioDevice initialized.
[2019.07.26-23.38.46:041][  0]LogNetVersion: Set ProjectVersion to 1.0.0.0. Version Checksum will be recalculated on next use.
[2019.07.26-23.38.46:122][  0]LogDerivedDataCache: Saved boot cache 0.08s 71MB C:/Users/s171872/AppData/Local/UnrealEngine/4.20/DerivedDataCache/Boot.ddc.
[2019.07.26-23.38.46:136][  0]LogInit: Texture streaming: Enabled
[2019.07.26-23.38.46:149][  0]LogEngineSessionManager: EngineSessionManager initialized
[2019.07.26-23.38.46:164][  0]LogInit: Transaction tracking system initialized
[2019.07.26-23.38.46:180][  0]BlueprintLog: New page: Editor Load
[2019.07.26-23.38.46:244][  0]LocalizationService: Localization service is disabled
[2019.07.26-23.38.46:658][  0]LogCook: Display: Max memory allowance for cook 16384mb min free memory 0mb
[2019.07.26-23.38.46:658][  0]LogCook: Display: Mobile HDR setting 1
[2019.07.26-23.38.46:658][  0]LogGameplayTags: Display: UGameplayTagsManager::DoneAddingNativeTags. DelegateIsBound: 0
[2019.07.26-23.38.46:658][  0]LogStats: UGameplayTagsManager::ConstructGameplayTagTree: ImportINI prefixes -  0.000 s
[2019.07.26-23.38.46:658][  0]LogStats: UGameplayTagsManager::ConstructGameplayTagTree: Construct from data asset -  0.000 s
[2019.07.26-23.38.46:658][  0]LogStats: UGameplayTagsManager::ConstructGameplayTagTree: ImportINI -  0.000 s
[2019.07.26-23.38.46:658][  0]LogStats: UGameplayTagsManager::ConstructGameplayTagTree: GameplayTagTreeChangedEvent.Broadcast -  0.000 s
[2019.07.26-23.38.46:842][  0]LogFileCache: Scanning file cache for directory 'C:/Users/s171872/Desktop/DungeonChef/DungeonChef/Content/' took 0.01s
[2019.07.26-23.38.46:842][  0]SourceControl: Source control is disabled
[2019.07.26-23.38.46:843][  0]Cmd: MAP LOAD FILE="../../../../../../Users/s171872/Desktop/DungeonChef/DungeonChef/Content/StarterContent/Maps/Minimal_Default.umap" TEMPLATE=0 SHOWPROGRESS=1 FEATURELEVEL=3
[2019.07.26-23.38.46:843][  0]LightingResults: New page: Lighting Build
[2019.07.26-23.38.46:845][  0]MapCheck: New page: Map Check
[2019.07.26-23.38.46:845][  0]LightingResults: New page: Lighting Build
[2019.07.26-23.38.47:146][  0]LogAIModule: Creating AISystem for world Minimal_Default
[2019.07.26-23.38.47:160][  0]LogEditorServer: Finished looking for orphan Actors (0.000 secs)
[2019.07.26-23.38.47:181][  0]Cmd: MAP CHECKDEP NOCLEARLOG
[2019.07.26-23.38.47:227][  0]MapCheck: Map check complete: 0 Error(s), 0 Warning(s), took 46.148ms to complete.
[2019.07.26-23.38.47:227][  0]LogFileHelpers: Loading map 'Minimal_Default' took 0.385
[2019.07.26-23.38.47:324][  0]LogSlate: Updating window title bar state: overlay mode, drag disabled, window buttons hidden, title bar hidden
[2019.07.26-23.38.47:331][  0]LogSlate: Updating window title bar state: overlay mode, drag disabled, window buttons hidden, title bar hidden
[2019.07.26-23.38.47:337][  0]LogSlate: Updating window title bar state: overlay mode, drag disabled, window buttons hidden, title bar hidden
[2019.07.26-23.38.47:343][  0]LogSlate: Updating window title bar state: overlay mode, drag disabled, window buttons hidden, title bar hidden
[2019.07.26-23.38.47:350][  0]LogCollectionManager: Loaded 0 collections in 0.001053 seconds
[2019.07.26-23.38.47:392][  0]LogFileCache: Scanning file cache for directory 'C:/Users/s171872/Desktop/DungeonChef/DungeonChef/Saved/Collections/' took 0.01s
[2019.07.26-23.38.47:392][  0]LogFileCache: Scanning file cache for directory 'C:/Users/s171872/Desktop/DungeonChef/DungeonChef/Content/Developers/s171872/Collections/' took 0.01s
[2019.07.26-23.38.47:392][  0]LogFileCache: Scanning file cache for directory 'C:/Users/s171872/Desktop/DungeonChef/DungeonChef/Content/Collections/' took 0.01s
[2019.07.26-23.38.47:392][  0]LogCollectionManager: Rebuilt the GUID cache for 0 collections in 0.000000 seconds
[2019.07.26-23.38.47:400][  0]LogContentBrowser: Native class hierarchy populated in 0.0078 seconds. Added 2572 classes and 603 folders.
[2019.07.26-23.38.47:405][  0]LogContentBrowser: Native class hierarchy updated for 'WidgetCarousel' in 0.0002 seconds. Added 0 classes and 0 folders.
[2019.07.26-23.38.47:623][  0]LogContentBrowser: Native class hierarchy updated for 'AddContentDialog' in 0.0003 seconds. Added 0 classes and 0 folders.
[2019.07.26-23.38.47:627][  0]LogContentBrowser: Native class hierarchy updated for 'SceneOutliner' in 0.0004 seconds. Added 1 classes and 2 folders.
[2019.07.26-23.38.47:646][  0]LogSlate: Took 0.003998 seconds to synchronously load lazily loaded font '../../../Engine/Content/Slate/Fonts/Roboto-Regular.ttf' (155K)
[2019.07.26-23.38.47:651][  0]LogSlate: Took 0.003472 seconds to synchronously load lazily loaded font '../../../Engine/Content/Slate/Fonts/Roboto-Bold.ttf' (160K)
[2019.07.26-23.38.47:661][  0]LogSlate: Took 0.004471 seconds to synchronously load lazily loaded font '../../../Engine/Content/Editor/Slate/Fonts/FontAwesome.ttf' (139K)
[2019.07.26-23.38.47:764][  0]LogRenderer: Reallocating scene render targets to support 908x556 Format 10 NumSamples 1 (Frame:1).
[2019.07.26-23.38.47:869][  0]LogContentBrowser: Native class hierarchy updated for 'HierarchicalLODOutliner' in 0.0002 seconds. Added 0 classes and 0 folders.
[2019.07.26-23.38.47:869][  0]LogLoad: (Engine Initialization) Total time: 12.28 seconds
[2019.07.26-23.38.47:869][  0]LogLoad: (Engine Initialization) Total Blueprint compile time: 0.00 seconds
[2019.07.26-23.38.47:922][  0]LogAssetRegistry: Asset discovery search completed in 6.0933 seconds
[2019.07.26-23.38.47:923][  0]LogCollectionManager: Rebuilt the object cache for 0 collections in 0.000000 seconds (found 0 objects)
[2019.07.26-23.38.47:923][  0]LogCollectionManager: Fixed up redirectors for 0 collections in 0.000040 seconds (updated 0 objects)
[2019.07.26-23.38.47:924][  0]LogContentStreaming: Texture pool size now 1000 MB
[2019.07.26-23.38.47:946][  0]LogSlate: Took 0.003406 seconds to synchronously load lazily loaded font '../../../Engine/Content/Slate/Fonts/Roboto-Light.ttf' (167K)
[2019.07.26-23.38.47:954][  1]LogFileCache: Retrieving MD5 hashes for directory 'C:/Users/s171872/Desktop/DungeonChef/DungeonChef/Content/' took 0.05s
[2019.07.26-23.38.48:896][ 65]LogSlate: Took 0.000161 seconds to synchronously load lazily loaded font '../../../Engine/Content/Slate/Fonts/Roboto-Light.ttf' (167K)
[2019.07.26-23.38.58:733][245]LogSlate: FSceneViewport::OnFocusLost() reason 0
[2019.07.26-23.39.03:560][824]LogSlate: FSceneViewport::OnFocusLost() reason 0
[2019.07.26-23.39.05:316][ 34]LogMaterial: Display: Missing cached shader map for material M_Sparks_01, compiling. 
[2019.07.26-23.39.05:391][ 34]LogShaderCompilers: Display: Shaders left to compile 69
[2019.07.26-23.39.05:391][ 34]LogShaderCompilers: Display: Shaders left to compile 59
[2019.07.26-23.39.05:391][ 34]LogShaderCompilers: Display: Shaders left to compile 49
[2019.07.26-23.39.05:391][ 34]LogShaderCompilers: Display: Shaders left to compile 39
[2019.07.26-23.39.05:397][ 34]LogAssetEditorManager: Opening Asset editor for ParticleSystem /Game/VFX/PS_Sparks_01.PS_Sparks_01
[2019.07.26-23.39.05:443][ 34]LogContentBrowser: Native class hierarchy updated for 'Cascade' in 0.0003 seconds. Added 2 classes and 2 folders.
[2019.07.26-23.39.08:206][311]LogShaderCompilers: Display: Shaders left to compile 29
[2019.07.26-23.39.08:509][346]LogShaderCompilers: Display: Shaders left to compile 19
[2019.07.26-23.39.08:756][375]LogShaderCompilers: Display: Shaders left to compile 9
[2019.07.26-23.39.29:464][855]LogSlate: FSceneViewport::OnFocusLost() reason 0
[2019.07.26-23.39.40:398][167]LogSlate: Window 'PS_Sparks_01' being destroyed
[2019.07.26-23.39.40:401][167]LogSlate: Window 'PS_Sparks_01' being destroyed
[2019.07.26-23.39.40:401][167]LogCascade: Quitting Cascade. FXSystem=0x000001926AA9D440
[2019.07.26-23.39.47:560][ 13]LogTemp: Repeating last play command: Selected Viewport
[2019.07.26-23.39.47:574][ 13]LogBlueprintUserMessages: Early PlayInEditor Detection: Level '/Game/StarterContent/Maps/Minimal_Default.Minimal_Default:PersistentLevel' has LevelScriptBlueprint '/Game/StarterContent/Maps/Minimal_Default.Minimal_Default:PersistentLevel.Minimal_Default' with GeneratedClass '/Game/StarterContent/Maps/Minimal_Default.Minimal_Default_C' with ClassGeneratedBy '/Game/StarterContent/Maps/Minimal_Default.Minimal_Default:PersistentLevel.Minimal_Default'
[2019.07.26-23.39.47:574][ 13]LogPlayLevel: PlayLevel: No blueprints needed recompiling
[2019.07.26-23.39.47:587][ 13]PIE: New page: PIE session: Minimal_Default (Jul 27, 2019, 7:39:47 PM)
[2019.07.26-23.39.47:587][ 13]LogPlayLevel: Creating play world package: /Game/StarterContent/Maps/UEDPIE_0_Minimal_Default
[2019.07.26-23.39.47:591][ 13]LogPlayLevel: PIE: StaticDuplicateObject took: (0.003340s)
[2019.07.26-23.39.47:591][ 13]LogAIModule: Creating AISystem for world Minimal_Default
[2019.07.26-23.39.47:592][ 13]LogPlayLevel: PIE: World Init took: (0.000888s)
[2019.07.26-23.39.47:592][ 13]LogPlayLevel: PIE: Created PIE world by copying editor world from /Game/StarterContent/Maps/Minimal_Default.Minimal_Default to /Game/StarterContent/Maps/UEDPIE_0_Minimal_Default.Minimal_Default (0.004402s)
[2019.07.26-23.39.47:614][ 13]LogInit: XAudio2 using 'Realtek Digital Output (Realtek High Definition Audio)' : 2 channels at 48 kHz using 16 bits per sample (channel mask 0x3)
[2019.07.26-23.39.47:624][ 13]LogInit: FAudioDevice initialized.
[2019.07.26-23.39.47:664][ 13]LogLoad: Game class is 'GameModeBase'
[2019.07.26-23.39.47:666][ 13]LogWorld: Bringing World /Game/StarterContent/Maps/UEDPIE_0_Minimal_Default.Minimal_Default up for play (max tick rate 0) at 2019.07.27-09.39.47
[2019.07.26-23.39.47:666][ 13]LogWorld: Bringing up level for play took: 0.000782
[2019.07.26-23.39.47:681][ 13]LogContentBrowser: Native class hierarchy updated for 'MovieSceneCapture' in 0.0002 seconds. Added 10 classes and 0 folders.
[2019.07.26-23.39.47:682][ 13]PIE: Play in editor start time for /Game/StarterContent/Maps/UEDPIE_0_Minimal_Default -0.282
[2019.07.26-23.39.47:682][ 13]LogBlueprintUserMessages: Late PlayInEditor Detection: Level '/Game/StarterContent/Maps/Minimal_Default.Minimal_Default:PersistentLevel' has LevelScriptBlueprint '/Game/StarterContent/Maps/Minimal_Default.Minimal_Default:PersistentLevel.Minimal_Default' with GeneratedClass '/Game/StarterContent/Maps/Minimal_Default.Minimal_Default_C' with ClassGeneratedBy '/Game/StarterContent/Maps/Minimal_Default.Minimal_Default:PersistentLevel.Minimal_Default'
[2019.07.26-23.39.51:378][425]LogBlueprintUserMessages: Early EndPlayMap Detection: Level '/Game/StarterContent/Maps/Minimal_Default.Minimal_Default:PersistentLevel' has LevelScriptBlueprint '/Game/StarterContent/Maps/Minimal_Default.Minimal_Default:PersistentLevel.Minimal_Default' with GeneratedClass '/Game/StarterContent/Maps/Minimal_Default.Minimal_Default_C' with ClassGeneratedBy '/Game/StarterContent/Maps/Minimal_Default.Minimal_Default:PersistentLevel.Minimal_Default'
[2019.07.26-23.39.51:378][425]LogSlate: Updating window title bar state: overlay mode, drag disabled, window buttons hidden, title bar hidden
[2019.07.26-23.39.51:405][425]LogPlayLevel: Display: Shutting down PIE online subsystems
[2019.07.26-23.39.51:405][425]LogBlueprintUserMessages: Late EndPlayMap Detection: Level '/Game/StarterContent/Maps/Minimal_Default.Minimal_Default:PersistentLevel' has LevelScriptBlueprint '/Game/StarterContent/Maps/Minimal_Default.Minimal_Default:PersistentLevel.Minimal_Default' with GeneratedClass '/Game/StarterContent/Maps/Minimal_Default.Minimal_Default_C' with ClassGeneratedBy '/Game/StarterContent/Maps/Minimal_Default.Minimal_Default:PersistentLevel.Minimal_Default'
[2019.07.26-23.39.51:427][425]LogSlate: Updating window title bar state: overlay mode, drag disabled, window buttons hidden, title bar hidden
[2019.07.26-23.39.51:479][431]LogPlayLevel: Display: Destroying online subsystem :Context_3
[2019.07.26-23.58.44:607][908]LogAssetEditorManager: Opening Asset editor for ParticleSystem /Game/VFX/PS_Sparks_01.PS_Sparks_01
[2019.07.26-23.58.49:928][520]LogSlate: Window 'PS_Sparks_01' being destroyed
[2019.07.26-23.58.49:931][520]LogSlate: Window 'PS_Sparks_01' being destroyed
[2019.07.26-23.58.49:931][520]LogCascade: Quitting Cascade. FXSystem=0x000001926A3F65C0
[2019.07.27-00.00.37:539][ 32]LogInit: XAudio2 using 'Realtek HD Audio 2nd output (Realtek High Definition Audio)' : 2 channels at 48 kHz using 32 bits per sample (channel mask 0x3)
[2019.07.27-00.23.11:565][690]LogAssetEditorManager: Opening Asset editor for World /Game/Blueprints/InventoryTest.InventoryTest
[2019.07.27-00.23.13:263][690]LogSlate: Window 'Save Content' being destroyed
[2019.07.27-00.23.13:268][690]Cmd: MAP LOAD FILE="../../../../../../Users/s171872/Desktop/DungeonChef/DungeonChef/Content/Blueprints/InventoryTest.umap" TEMPLATE=0 SHOWPROGRESS=1 FEATURELEVEL=3
[2019.07.27-00.23.13:268][690]LightingResults: New page: Lighting Build
[2019.07.27-00.23.13:269][690]LoadErrors: New page: Loading map: InventoryTest.umap
[2019.07.27-00.23.13:269][690]MapCheck: New page: Map Check
[2019.07.27-00.23.13:269][690]LightingResults: New page: Lighting Build
[2019.07.27-00.23.13:292][690]LogEditorServer: Finished looking for orphan Actors (0.000 secs)
[2019.07.27-00.23.13:292][690]LogAIModule: Creating AISystem for world InventoryTest
[2019.07.27-00.23.13:336][690]Cmd: MAP CHECKDEP NOCLEARLOG
[2019.07.27-00.23.13:390][690]MapCheck: Map check complete: 0 Error(s), 0 Warning(s), took 53.603ms to complete.
[2019.07.27-00.23.13:392][690]LogFileHelpers: Loading map 'InventoryTest' took 0.125
[2019.07.27-00.23.25:876][184]LogSlate: FSceneViewport::OnFocusLost() reason 0
[2019.07.27-00.23.30:217][701]Cmd: TRANSACTION UNDO
[2019.07.27-00.23.30:217][701]LogEditorTransaction: Undo Create Actors
[2019.07.27-00.23.30:701][758]LogSlate: FSceneViewport::OnFocusLost() reason 0
[2019.07.27-00.23.31:722][876]Cmd: TRANSACTION UNDO
[2019.07.27-00.23.31:722][876]LogEditorTransaction: Undo Create Actors
[2019.07.27-00.23.54:581][619]LogSlate: FSceneViewport::OnFocusLost() reason 0
[2019.07.27-00.24.19:577][613]LogSlate: FSceneViewport::OnFocusLost() reason 0
[2019.07.27-00.24.30:080][864]LogEditorViewport: Clicking on Actor (LMB): DirectionalLight (DirectionalLight)
[2019.07.27-00.24.31:126][986]LogSlate: FSceneViewport::OnFocusLost() reason 0
[2019.07.27-00.24.31:653][ 49]EditorErrors: New page: Actor attachment
[2019.07.27-00.24.37:376][732]LogSlate: FSceneViewport::OnFocusLost() reason 0
[2019.07.27-00.24.43:671][485]LogEditorViewport: Clicking on Actor (LMB): BP_Sky_Sphere_C (BP_Sky_Sphere)
[2019.07.27-00.24.44:434][575]LogEditorViewport: Clicking on Actor (LMB): BP_Sky_Sphere_C (BP_Sky_Sphere)
[2019.07.27-00.24.44:949][635]LogEditorViewport: Clicking on Actor (LMB): DirectionalLight (DirectionalLight)
[2019.07.27-00.24.48:143][ 13]LogSlate: FSceneViewport::OnFocusLost() reason 0
[2019.07.27-00.24.54:372][755]LogEditorViewport: Clicking on Actor (LMB): DirectionalLight (DirectionalLight)
[2019.07.27-00.24.56:999][ 65]Cmd: CAMERA ALIGN ACTIVEVIEWPORTONLY
[2019.07.27-00.25.02:121][676]LogEditorViewport: Clicking on Actor (LMB): BP_Sky_Sphere_C (BP_Sky_Sphere)
[2019.07.27-00.25.06:514][197]LogSlate: FSceneViewport::OnFocusLost() reason 2
[2019.07.27-00.25.06:711][219]LogSlate: FSceneViewport::OnFocusLost() reason 2
[2019.07.27-00.25.08:542][436]LogSlate: FSceneViewport::OnFocusLost() reason 2
[2019.07.27-00.25.10:362][654]LogSlate: FSceneViewport::OnFocusLost() reason 2
[2019.07.27-00.25.11:318][654]LogSlate: Only BGRA pngs, bmps or icos are supported in by External Image Picker
[2019.07.27-00.25.11:376][655]LogTemp: Executing iPhonePackager certificates Engine -bundlename com.YourCompany.DungeonChef
[2019.07.27-00.25.11:376][655]LogTemp: CWD: C:\Program Files\Epic Games\UE_4.20\Engine\Binaries\DotNET\IOS
[2019.07.27-00.25.11:376][655]LogTemp: Initial Dir: C:\Program Files\Epic Games\UE_4.20
[2019.07.27-00.25.11:376][655]LogTemp: Env CWD: C:\Program Files\Epic Games\UE_4.20\Engine\Binaries\DotNET\IOS
[2019.07.27-00.25.11:376][655]LogTemp: BranchPath = CAN-CBDD93/C/Program Files/Epic Games/UE_4.20/Engine/Binaries --- GameBranchPath = CAN-CBDD93/C/Program Files/Epic Games/UE_4.20/Engine/Binaries
[2019.07.27-00.25.11:376][655]LogTemp: IPP ERROR: Could not find provision directory 'C:\Users\s171872\AppData\Local/Apple Computer/MobileDevice/Provisioning Profiles/'.
[2019.07.27-00.25.22:588][982]LogSlate: Window 'Project Settings' being destroyed
[2019.07.27-00.25.22:593][982]LogSlate: Window 'Project Settings' being destroyed
[2019.07.27-00.25.35:516][527]LogSlate: FSceneViewport::OnFocusLost() reason 2
[2019.07.27-00.25.37:270][737]LogSlate: FSceneViewport::OnFocusLost() reason 2
[2019.07.27-00.25.37:995][737]LogSlate: Only BGRA pngs, bmps or icos are supported in by External Image Picker
[2019.07.27-00.25.38:043][738]LogTemp: Executing iPhonePackager certificates Engine -bundlename com.YourCompany.DungeonChef
[2019.07.27-00.25.38:044][738]LogTemp: CWD: C:\Program Files\Epic Games\UE_4.20\Engine\Binaries\DotNET\IOS
[2019.07.27-00.25.38:044][738]LogTemp: Initial Dir: C:\Program Files\Epic Games\UE_4.20
[2019.07.27-00.25.38:044][738]LogTemp: Env CWD: C:\Program Files\Epic Games\UE_4.20\Engine\Binaries\DotNET\IOS
[2019.07.27-00.25.38:044][738]LogTemp: BranchPath = CAN-CBDD93/C/Program Files/Epic Games/UE_4.20/Engine/Binaries --- GameBranchPath = CAN-CBDD93/C/Program Files/Epic Games/UE_4.20/Engine/Binaries
[2019.07.27-00.25.38:044][738]LogTemp: IPP ERROR: Could not find provision directory 'C:\Users\s171872\AppData\Local/Apple Computer/MobileDevice/Provisioning Profiles/'.
[2019.07.27-00.25.51:175][295]LogSlate: Window 'Project Settings' being destroyed
[2019.07.27-00.25.51:179][295]LogSlate: Window 'Project Settings' being destroyed
[2019.07.27-00.26.02:213][617]LogSlate: FSceneViewport::OnFocusLost() reason 0
[2019.07.27-00.27.17:844][287]LogAssetEditorManager: Opening Asset editor for UserDefinedStruct /Game/Blueprints/RecipeClass.RecipeClass
[2019.07.27-00.27.35:864][433]LogSlate: Took 0.006935 seconds to synchronously load lazily loaded font '../../../Engine/Content/Slate/Fonts/Roboto-BoldCondensedItalic.ttf' (160K)
[2019.07.27-00.28.42:096][366]Cmd: OBJ SAVEPACKAGE PACKAGE="/Game/Blueprints/RecipeClass" FILE="../../../../../../Users/s171872/Desktop/DungeonChef/DungeonChef/Content/Blueprints/RecipeClass.uasset" SILENT=true
[2019.07.27-00.28.42:104][366]LogSavePackage: Moving '../../../../../../Users/s171872/Desktop/DungeonChef/DungeonChef/Saved/RecipeClassC8B5CA184F48F9333689A0AB5184EEDF.tmp' to '../../../../../../Users/s171872/Desktop/DungeonChef/DungeonChef/Content/Blueprints/RecipeClass.uasset'
[2019.07.27-00.29.02:763][838]Cmd: OBJ SAVEPACKAGE PACKAGE="/Game/Blueprints/RecipeClass" FILE="../../../../../../Users/s171872/Desktop/DungeonChef/DungeonChef/Content/Blueprints/RecipeClass.uasset" SILENT=true
[2019.07.27-00.29.02:774][838]LogSavePackage: Moving '../../../../../../Users/s171872/Desktop/DungeonChef/DungeonChef/Saved/RecipeClass3E929B1B49BBCDCED33D8BB675BA734B.tmp' to '../../../../../../Users/s171872/Desktop/DungeonChef/DungeonChef/Content/Blueprints/RecipeClass.uasset'
[2019.07.27-00.30.05:595][756]AssetReimport: New page: Outstanding source content changes 8:30:05 PM
[2019.07.27-00.30.05:596][756]LogFactory: FactoryCreateFile: Texture with ReimportTextureFactory (0 0 C:/Users/s171872/Desktop/DungeonChef/DungeonChef/Content/Blueprints/BasicLayout.png)
[2019.07.27-00.30.05:652][757]Cmd: OBJ SAVEPACKAGE PACKAGE="/Game/Blueprints/BasicLayout" FILE="../../../../../../Users/s171872/Desktop/DungeonChef/DungeonChef/Content/Blueprints/BasicLayout.uasset" SILENT=true
[2019.07.27-00.30.05:669][757]LogSavePackage: Moving '../../../../../../Users/s171872/Desktop/DungeonChef/DungeonChef/Saved/BasicLayoutE7D836474DA3521DE3268D85EBDD7EF3.tmp' to '../../../../../../Users/s171872/Desktop/DungeonChef/DungeonChef/Content/Blueprints/BasicLayout.uasset'
[2019.07.27-00.30.08:683][117]AssetReimport: Importing new asset /Game/Blueprints/BasicLayout.
[2019.07.27-00.30.10:045][281]LogSlate: Window 'RecipeClass' being destroyed
[2019.07.27-00.30.10:049][281]LogSlate: Window 'RecipeClass' being destroyed
[2019.07.27-00.30.18:196][ 92]LogSlate: Window 'Delete Assets' being destroyed
[2019.07.27-00.30.38:438][470]LogAssetEditorManager: Opening Asset editor for Blueprint /Game/Blueprints/NewInterface.NewInterface
[2019.07.27-00.30.38:503][470]LogContentBrowser: Native class hierarchy updated for 'BlueprintGraph' in 0.0005 seconds. Added 116 classes and 0 folders.
[2019.07.27-00.30.38:854][470]LogSlate: Took 0.003324 seconds to synchronously load lazily loaded font '../../../Engine/Content/Slate/Fonts/Roboto-BoldCondensed.ttf' (158K)
[2019.07.27-00.30.43:033][963]LogSlate: Window 'NewInterface*' being destroyed
[2019.07.27-00.30.43:037][963]LogSlate: Window 'NewInterface*' being destroyed
[2019.07.27-00.30.46:051][194]LogSlate: Window 'Delete Assets' being destroyed
[2019.07.27-00.31.08:285][837]LogAssetEditorManager: Opening Asset editor for UserDefinedStruct /Game/Blueprints/InventoryItemClass.InventoryItemClass
[2019.07.27-00.32.09:148][117]Cmd: OBJ SAVEPACKAGE PACKAGE="/Game/Blueprints/InventoryItemClass" FILE="../../../../../../Users/s171872/Desktop/DungeonChef/DungeonChef/Content/Blueprints/InventoryItemClass.uasset" SILENT=true
[2019.07.27-00.32.09:155][117]LogSavePackage: Moving '../../../../../../Users/s171872/Desktop/DungeonChef/DungeonChef/Saved/InventoryItemClassE298919D4184EB397A5E98B1835CCEFC.tmp' to '../../../../../../Users/s171872/Desktop/DungeonChef/DungeonChef/Content/Blueprints/InventoryItemClass.uasset'
[2019.07.27-00.32.14:633][533]LogSlate: Window 'InventoryItemClass' being destroyed
[2019.07.27-00.32.14:637][533]LogSlate: Window 'InventoryItemClass' being destroyed
[2019.07.27-00.32.31:579][550]LogAssetEditorManager: Opening Asset editor for UserDefinedStruct /Game/Blueprints/InventoryClass.InventoryClass
[2019.07.27-00.34.42:274][180]LogSavePackage: Moving '../../../../../../Users/s171872/Desktop/DungeonChef/DungeonChef/Saved/InventoryTest_Auto12198D172428E378590470FB4DF66CA24.tmp' to '../../../../../../Users/s171872/Desktop/DungeonChef/DungeonChef/Saved/Autosaves/Game/Blueprints/InventoryTest_Auto1.umap'
[2019.07.27-00.34.42:279][180]LogFileHelpers: Editor autosave (incl. sublevels) for '/Game/Blueprints/InventoryTest' took 0.043
[2019.07.27-00.34.42:279][180]LogFileHelpers: Editor autosave (incl. sublevels) for all levels took 0.043
[2019.07.27-00.34.42:281][180]OBJ SavePackage: Generating thumbnails for [0] asset(s) in package [/Game/Blueprints/InventoryClass] ([1] browsable assets)...
[2019.07.27-00.34.42:281][180]OBJ SavePackage: Finished generating thumbnails for package [/Game/Blueprints/InventoryClass]
[2019.07.27-00.34.42:287][180]LogSavePackage: Moving '../../../../../../Users/s171872/Desktop/DungeonChef/DungeonChef/Saved/InventoryClass_Auto1CF250B2849471576C7F1C4949DA7816A.tmp' to '../../../../../../Users/s171872/Desktop/DungeonChef/DungeonChef/Saved/Autosaves/Game/Blueprints/InventoryClass_Auto1.uasset'
[2019.07.27-00.34.42:288][180]LogFileHelpers: Auto-saving content packages took 0.008
[2019.07.27-00.37.52:535][216]Cmd: OBJ SAVEPACKAGE PACKAGE="/Game/Blueprints/InventoryClass" FILE="../../../../../../Users/s171872/Desktop/DungeonChef/DungeonChef/Content/Blueprints/InventoryClass.uasset" SILENT=true
[2019.07.27-00.37.52:543][216]LogSavePackage: Moving '../../../../../../Users/s171872/Desktop/DungeonChef/DungeonChef/Saved/InventoryClass661768494D03133C080048993CA80284.tmp' to '../../../../../../Users/s171872/Desktop/DungeonChef/DungeonChef/Content/Blueprints/InventoryClass.uasset'
[2019.07.27-00.37.53:508][331]LogSlate: Window 'InventoryClass' being destroyed
[2019.07.27-00.37.53:512][331]LogSlate: Window 'InventoryClass' being destroyed
[2019.07.27-00.37.56:460][682]LogAssetEditorManager: Opening Asset editor for UserDefinedStruct /Game/Blueprints/InventoryItemClass.InventoryItemClass
[2019.07.27-00.37.58:143][877]LogSlate: Window 'InventoryItemClass' being destroyed
[2019.07.27-00.37.58:146][877]LogSlate: Window 'InventoryItemClass' being destroyed
[2019.07.27-00.37.59:065][985]LogAssetEditorManager: Opening Asset editor for UserDefinedStruct /Game/Blueprints/RecipeClass.RecipeClass
[2019.07.27-00.38.00:879][196]LogSlate: Window 'RecipeClass' being destroyed
[2019.07.27-00.38.00:884][196]LogSlate: Window 'RecipeClass' being destroyed
[2019.07.27-00.38.13:846][736]LogAssetEditorManager: Opening Asset editor for UserDefinedStruct /Game/Blueprints/CauldronClass.CauldronClass
[2019.07.27-00.38.34:163][164]Cmd: OBJ SAVEPACKAGE PACKAGE="/Game/Blueprints/CauldronClass" FILE="../../../../../../Users/s171872/Desktop/DungeonChef/DungeonChef/Content/Blueprints/CauldronClass.uasset" SILENT=true
[2019.07.27-00.38.34:169][164]LogSavePackage: Moving '../../../../../../Users/s171872/Desktop/DungeonChef/DungeonChef/Saved/CauldronClass6035B3D44AFDBA7955D3DBACA23A14ED.tmp' to '../../../../../../Users/s171872/Desktop/DungeonChef/DungeonChef/Content/Blueprints/CauldronClass.uasset'
[2019.07.27-00.38.34:880][249]LogSlate: Window 'CauldronClass' being destroyed
[2019.07.27-00.38.34:885][249]LogSlate: Window 'CauldronClass' being destroyed
[2019.07.27-00.38.41:508][865]LogSlate: Window 'Pick Parent Class' being destroyed
[2019.07.27-00.38.52:914][219]LogAssetEditorManager: Opening Asset editor for UserDefinedStruct /Game/Blueprints/RecipeStruct.RecipeStruct
[2019.07.27-00.39.21:457][620]Cmd: OBJ SAVEPACKAGE PACKAGE="/Game/Blueprints/RecipeStruct" FILE="../../../../../../Users/s171872/Desktop/DungeonChef/DungeonChef/Content/Blueprints/RecipeStruct.uasset" SILENT=true
[2019.07.27-00.39.21:464][620]LogSavePackage: Moving '../../../../../../Users/s171872/Desktop/DungeonChef/DungeonChef/Saved/RecipeStructD5F91E3D4784459C16715199F2EEE45D.tmp' to '../../../../../../Users/s171872/Desktop/DungeonChef/DungeonChef/Content/Blueprints/RecipeStruct.uasset'
[2019.07.27-00.39.42:715][165]Cmd: OBJ SAVEPACKAGE PACKAGE="/Game/Blueprints/RecipeStruct" FILE="../../../../../../Users/s171872/Desktop/DungeonChef/DungeonChef/Content/Blueprints/RecipeStruct.uasset" SILENT=true
[2019.07.27-00.39.42:725][165]LogSavePackage: Moving '../../../../../../Users/s171872/Desktop/DungeonChef/DungeonChef/Saved/RecipeStruct973717694E00F84CB026AB843641D64D.tmp' to '../../../../../../Users/s171872/Desktop/DungeonChef/DungeonChef/Content/Blueprints/RecipeStruct.uasset'
[2019.07.27-00.39.46:677][427]Cmd: OBJ SAVEPACKAGE PACKAGE="/Game/Blueprints/RecipeStruct" FILE="../../../../../../Users/s171872/Desktop/DungeonChef/DungeonChef/Content/Blueprints/RecipeStruct.uasset" SILENT=true
[2019.07.27-00.39.46:685][427]LogSavePackage: Moving '../../../../../../Users/s171872/Desktop/DungeonChef/DungeonChef/Saved/RecipeStruct92AABFF54035BCDB708682A117D471E4.tmp' to '../../../../../../Users/s171872/Desktop/DungeonChef/DungeonChef/Content/Blueprints/RecipeStruct.uasset'
[2019.07.27-00.39.47:404][513]LogSlate: Window 'RecipeStruct' being destroyed
[2019.07.27-00.39.47:408][513]LogSlate: Window 'RecipeStruct' being destroyed
[2019.07.27-00.40.07:533][ 47]LogSlate: Window 'Pick Parent Class' being destroyed
[2019.07.27-00.40.48:467][924]LogAssetEditorManager: Opening Asset editor for UserDefinedStruct /Game/Blueprints/IngredientStruct.IngredientStruct
[2019.07.27-00.41.18:408][471]Cmd: OBJ SAVEPACKAGE PACKAGE="/Game/Blueprints/IngredientStruct" FILE="../../../../../../Users/s171872/Desktop/DungeonChef/DungeonChef/Content/Blueprints/IngredientStruct.uasset" SILENT=true
[2019.07.27-00.41.18:415][471]LogSavePackage: Moving '../../../../../../Users/s171872/Desktop/DungeonChef/DungeonChef/Saved/IngredientStruct577B9EFD4E5C8753CE1AA6B2F02C7C23.tmp' to '../../../../../../Users/s171872/Desktop/DungeonChef/DungeonChef/Content/Blueprints/IngredientStruct.uasset'
[2019.07.27-00.41.19:104][553]LogSlate: Window 'IngredientStruct' being destroyed
[2019.07.27-00.41.19:108][553]LogSlate: Window 'IngredientStruct' being destroyed
[2019.07.27-00.41.37:634][760]LogAssetEditorManager: Opening Asset editor for UserDefinedStruct /Game/Blueprints/IngredientProperty.IngredientProperty
[2019.07.27-00.41.59:672][391]LogSlate: Window 'IngredientProperty*' being destroyed
[2019.07.27-00.41.59:677][391]LogSlate: Window 'IngredientProperty*' being destroyed
[2019.07.27-00.42.04:700][859]LogSlate: Window 'Delete Assets' being destroyed
[2019.07.27-00.42.20:482][730]LogAssetEditorManager: Opening Asset editor for UserDefinedEnum /Game/Blueprints/InventoryPropertyEnum.InventoryPropertyEnum
[2019.07.27-00.43.54:286][960]Cmd: OBJ SAVEPACKAGE PACKAGE="/Game/Blueprints/InventoryPropertyEnum" FILE="../../../../../../Users/s171872/Desktop/DungeonChef/DungeonChef/Content/Blueprints/InventoryPropertyEnum.uasset" SILENT=true
[2019.07.27-00.43.54:293][960]LogSavePackage: Moving '../../../../../../Users/s171872/Desktop/DungeonChef/DungeonChef/Saved/InventoryPropertyEnum212E23EA47CED55603F6CBAEB4487A71.tmp' to '../../../../../../Users/s171872/Desktop/DungeonChef/DungeonChef/Content/Blueprints/InventoryPropertyEnum.uasset'
[2019.07.27-00.43.56:914][274]LogSlate: Window 'InventoryPropertyEnum' being destroyed
[2019.07.27-00.43.56:919][274]LogSlate: Window 'InventoryPropertyEnum' being destroyed
[2019.07.27-00.44.09:889][825]LogMetaData: Removing '/Game/Blueprints/IngredientPropertyEnum.IngredientPropertyEnum' ref from Metadata '/Game/Blueprints/InventoryPropertyEnum.PackageMetaData'
[2019.07.27-00.44.09:903][825]Cmd: OBJ SAVEPACKAGE PACKAGE="/Game/Blueprints/IngredientPropertyEnum" FILE="../../../../../../Users/s171872/Desktop/DungeonChef/DungeonChef/Content/Blueprints/IngredientPropertyEnum.uasset" SILENT=true
[2019.07.27-00.44.09:908][825]LogSavePackage: Moving '../../../../../../Users/s171872/Desktop/DungeonChef/DungeonChef/Saved/IngredientPropertyEnum3AB98AFC4729EA41869336ADBDDCF4B5.tmp' to '../../../../../../Users/s171872/Desktop/DungeonChef/DungeonChef/Content/Blueprints/IngredientPropertyEnum.uasset'
[2019.07.27-00.44.12:218][ 78]LogAssetEditorManager: Opening Asset editor for UserDefinedStruct /Game/Blueprints/IngredientStruct.IngredientStruct
[2019.07.27-00.45.06:863][593]Cmd: OBJ SAVEPACKAGE PACKAGE="/Game/Blueprints/IngredientStruct" FILE="../../../../../../Users/s171872/Desktop/DungeonChef/DungeonChef/Content/Blueprints/IngredientStruct.uasset" SILENT=true
[2019.07.27-00.45.06:874][593]LogSavePackage: Moving '../../../../../../Users/s171872/Desktop/DungeonChef/DungeonChef/Saved/IngredientStructDEAF549C45C545861046D2A6204BC41B.tmp' to '../../../../../../Users/s171872/Desktop/DungeonChef/DungeonChef/Content/Blueprints/IngredientStruct.uasset'
[2019.07.27-00.45.19:315][ 85]LogSlate: Window 'IngredientStruct' being destroyed
[2019.07.27-00.45.19:319][ 85]LogSlate: Window 'IngredientStruct' being destroyed
[2019.07.27-01.05.40:915][519]LogAssetEditorManager: Opening Asset editor for WidgetBlueprint /Game/Blueprints/UI/HUD.HUD
[2019.07.27-01.06.06:640][180]LogFileHelpers: Editor autosave (incl. sublevels) for '/Game/Blueprints/InventoryTest' took 0.024
[2019.07.27-01.06.06:643][180]OBJ SavePackage: Generating thumbnails for [0] asset(s) in package [/Game/Blueprints/UI/HUD] ([1] browsable assets)...
[2019.07.27-01.06.06:643][180]OBJ SavePackage: Finished generating thumbnails for package [/Game/Blueprints/UI/HUD]
[2019.07.27-01.06.06:652][180]LogSavePackage: Moving '../../../../../../Users/s171872/Desktop/DungeonChef/DungeonChef/Saved/HUD_Auto22BB9665B49928D37F7EF5B82A23C6CE6.tmp' to '../../../../../../Users/s171872/Desktop/DungeonChef/DungeonChef/Saved/Autosaves/Game/Blueprints/UI/HUD_Auto2.uasset'
[2019.07.27-01.06.06:653][180]LogFileHelpers: Auto-saving content packages took 0.011
[2019.07.27-01.06.07:922][266]Cmd: OBJ SAVEPACKAGE PACKAGE="/Game/Blueprints/UI/HUD" FILE="../../../../../../Users/s171872/Desktop/DungeonChef/DungeonChef/Content/Blueprints/UI/HUD.uasset" SILENT=true
[2019.07.27-01.06.07:930][266]LogSavePackage: Moving '../../../../../../Users/s171872/Desktop/DungeonChef/DungeonChef/Saved/HUDFFE5E39F4A24703BD1870898A93BA26C.tmp' to '../../../../../../Users/s171872/Desktop/DungeonChef/DungeonChef/Content/Blueprints/UI/HUD.uasset'
[2019.07.27-01.06.14:226][549]Cmd: OBJ SAVEPACKAGE PACKAGE="/Game/Blueprints/UI/HUD" FILE="../../../../../../Users/s171872/Desktop/DungeonChef/DungeonChef/Content/Blueprints/UI/HUD.uasset" SILENT=true
[2019.07.27-01.06.14:241][549]LogSavePackage: Moving '../../../../../../Users/s171872/Desktop/DungeonChef/DungeonChef/Saved/HUD538B10594147873C2FB440AEFE9917A2.tmp' to '../../../../../../Users/s171872/Desktop/DungeonChef/DungeonChef/Content/Blueprints/UI/HUD.uasset'
[2019.07.27-01.06.14:703][589]BlueprintLog: New page: Compile HUD
[2019.07.27-01.06.24:288][475]LogSlate: Window 'HUD' being destroyed
[2019.07.27-01.06.24:293][475]LogSlate: Window 'HUD' being destroyed
[2019.07.27-01.07.15:045][161]LogAssetEditorManager: Opening Asset editor for WidgetBlueprint /Game/Blueprints/UI/InventoryItem.InventoryItem
[2019.07.27-01.09.08:472][196]Cmd: OBJ SAVEPACKAGE PACKAGE="/Game/Blueprints/UI/InventoryItem" FILE="../../../../../../Users/s171872/Desktop/DungeonChef/DungeonChef/Content/Blueprints/UI/InventoryItem.uasset" SILENT=true
[2019.07.27-01.09.08:482][196]LogSavePackage: Moving '../../../../../../Users/s171872/Desktop/DungeonChef/DungeonChef/Saved/InventoryItemA4690F454C115AD525C21B9D79BE8FCB.tmp' to '../../../../../../Users/s171872/Desktop/DungeonChef/DungeonChef/Content/Blueprints/UI/InventoryItem.uasset'
[2019.07.27-01.09.09:357][262]BlueprintLog: New page: Compile InventoryItem
[2019.07.27-01.10.45:606][537]Cmd: OBJ SAVEPACKAGE PACKAGE="/Game/Blueprints/UI/InventoryItem" FILE="../../../../../../Users/s171872/Desktop/DungeonChef/DungeonChef/Content/Blueprints/UI/InventoryItem.uasset" SILENT=true
[2019.07.27-01.10.45:622][537]LogSavePackage: Moving '../../../../../../Users/s171872/Desktop/DungeonChef/DungeonChef/Saved/InventoryItemCAFB3D384CC09AD1E333DD8E5B7E74FB.tmp' to '../../../../../../Users/s171872/Desktop/DungeonChef/DungeonChef/Content/Blueprints/UI/InventoryItem.uasset'
[2019.07.27-01.10.46:426][599]BlueprintLog: New page: Compile InventoryItem
[2019.07.27-01.11.26:043][876]Cmd: OBJ SAVEPACKAGE PACKAGE="/Game/Blueprints/UI/InventoryItem" FILE="../../../../../../Users/s171872/Desktop/DungeonChef/DungeonChef/Content/Blueprints/UI/InventoryItem.uasset" SILENT=true
[2019.07.27-01.11.26:055][876]LogSavePackage: Moving '../../../../../../Users/s171872/Desktop/DungeonChef/DungeonChef/Saved/InventoryItemEACF6574470612BE967D95BCE89D6A50.tmp' to '../../../../../../Users/s171872/Desktop/DungeonChef/DungeonChef/Content/Blueprints/UI/InventoryItem.uasset'
[2019.07.27-01.11.27:778][ 11]LogSlate: Window 'InventoryItem' being destroyed
[2019.07.27-01.11.27:784][ 11]LogSlate: Window 'InventoryItem' being destroyed
[2019.07.27-01.11.28:956][146]LogAssetEditorManager: Opening Asset editor for WidgetBlueprint /Game/Blueprints/UI/InventoryItem.InventoryItem
[2019.07.27-01.13.15:629][681]LogSlate: Took 0.037471 seconds to synchronously load lazily loaded font '../../../Engine/Content/Slate/Fonts/DroidSansFallback.ttf' (3848K)
[2019.07.27-01.14.04:053][541]LogEditorTransaction: Undo Add Widget
[2019.07.27-01.14.06:907][803]LogEditorTransaction: Redo Add Widget
[2019.07.27-01.16.13:089][ 77]LogEditorTransaction: Undo Move Widget
[2019.07.27-01.19.50:449][213]LogFileHelpers: Editor autosave (incl. sublevels) for '/Game/Blueprints/InventoryTest' took 0.024
[2019.07.27-01.19.50:451][213]OBJ SavePackage: Generating thumbnails for [0] asset(s) in package [/Game/Blueprints/UI/InventoryItem] ([1] browsable assets)...
[2019.07.27-01.19.50:451][213]OBJ SavePackage: Finished generating thumbnails for package [/Game/Blueprints/UI/InventoryItem]
[2019.07.27-01.19.50:468][213]LogSavePackage: Moving '../../../../../../Users/s171872/Desktop/DungeonChef/DungeonChef/Saved/InventoryItem_Auto3847B38264BB35093CF8AC9B1672E0F1C.tmp' to '../../../../../../Users/s171872/Desktop/DungeonChef/DungeonChef/Saved/Autosaves/Game/Blueprints/UI/InventoryItem_Auto3.uasset'
[2019.07.27-01.19.50:469][213]LogFileHelpers: Auto-saving content packages took 0.019
[2019.07.27-01.20.25:321][768]Cmd: OBJ SAVEPACKAGE PACKAGE="/Game/Blueprints/UI/InventoryItem" FILE="../../../../../../Users/s171872/Desktop/DungeonChef/DungeonChef/Content/Blueprints/UI/InventoryItem.uasset" SILENT=true
[2019.07.27-01.20.25:334][768]LogSavePackage: Moving '../../../../../../Users/s171872/Desktop/DungeonChef/DungeonChef/Saved/InventoryItemF42AE21E48BC2720EA924C914A648753.tmp' to '../../../../../../Users/s171872/Desktop/DungeonChef/DungeonChef/Content/Blueprints/UI/InventoryItem.uasset'
[2019.07.27-01.22.20:926][ 61]LogSlate: Only BGRA pngs, bmps or icos are supported in by External Image Picker
[2019.07.27-01.22.21:001][ 62]LogTemp: Executing iPhonePackager certificates Engine -bundlename com.YourCompany.DungeonChef
[2019.07.27-01.22.21:001][ 62]LogTemp: CWD: C:\Program Files\Epic Games\UE_4.20\Engine\Binaries\DotNET\IOS
[2019.07.27-01.22.21:001][ 62]LogTemp: Initial Dir: C:\Program Files\Epic Games\UE_4.20
[2019.07.27-01.22.21:001][ 62]LogTemp: Env CWD: C:\Program Files\Epic Games\UE_4.20\Engine\Binaries\DotNET\IOS
[2019.07.27-01.22.21:002][ 62]LogTemp: BranchPath = CAN-CBDD93/C/Program Files/Epic Games/UE_4.20/Engine/Binaries --- GameBranchPath = CAN-CBDD93/C/Program Files/Epic Games/UE_4.20/Engine/Binaries
[2019.07.27-01.22.21:002][ 62]LogTemp: IPP ERROR: Could not find provision directory 'C:\Users\s171872\AppData\Local/Apple Computer/MobileDevice/Provisioning Profiles/'.
[2019.07.27-01.22.31:975][792]LogSlate: Window 'Project Settings' being destroyed
[2019.07.27-01.22.31:979][792]LogSlate: Window 'Project Settings' being destroyed
[2019.07.27-01.22.42:857][570]Cmd: OBJ SAVEPACKAGE PACKAGE="/Game/Blueprints/UI/InventoryItem" FILE="../../../../../../Users/s171872/Desktop/DungeonChef/DungeonChef/Content/Blueprints/UI/InventoryItem.uasset" SILENT=true
[2019.07.27-01.22.42:869][570]LogSavePackage: Moving '../../../../../../Users/s171872/Desktop/DungeonChef/DungeonChef/Saved/InventoryItem9004B2AF42A788CBDD286D9B59980553.tmp' to '../../../../../../Users/s171872/Desktop/DungeonChef/DungeonChef/Content/Blueprints/UI/InventoryItem.uasset'
[2019.07.27-01.22.43:693][632]BlueprintLog: New page: Compile InventoryItem
[2019.07.27-01.22.45:694][771]Cmd: OBJ SAVEPACKAGE PACKAGE="/Game/Blueprints/UI/InventoryItem" FILE="../../../../../../Users/s171872/Desktop/DungeonChef/DungeonChef/Content/Blueprints/UI/InventoryItem.uasset" SILENT=true
[2019.07.27-01.22.45:707][771]LogSavePackage: Moving '../../../../../../Users/s171872/Desktop/DungeonChef/DungeonChef/Saved/InventoryItem2F039F5045840AF7EF7457B3EBB92A2E.tmp' to '../../../../../../Users/s171872/Desktop/DungeonChef/DungeonChef/Content/Blueprints/UI/InventoryItem.uasset'
[2019.07.27-01.22.48:965][ 20]LogSlate: Window 'InventoryItem' being destroyed
[2019.07.27-01.22.48:968][ 20]LogSlate: Window 'InventoryItem' being destroyed
[2019.07.27-01.22.50:464][193]LogAssetEditorManager: Opening Asset editor for WidgetBlueprint /Game/Blueprints/UI/InventoryItem.InventoryItem
[2019.07.27-01.24.50:989][ 62]LogEditorTransaction: Undo Set Vector Property
[2019.07.27-01.25.23:799][371]LogEditorTransaction: Undo Move Widget
[2019.07.27-01.25.48:180][961]LogEditorTransaction: Undo Edit Size Rule
[2019.07.27-01.25.48:639][983]LogEditorTransaction: Undo Edit Y
[2019.07.27-01.25.49:117][  9]LogEditorTransaction: Undo Edit Size Rule
[2019.07.27-01.25.49:858][ 52]LogEditorTransaction: Undo Edit Size Rule
[2019.07.27-01.26.03:424][  8]LogEditorTransaction: Undo Edit Size Rule
[2019.07.27-01.26.55:706][316]LogWindows: LaunchURL http://wiki.unrealengine.com
[2019.07.27-01.29.50:871][869]LogFileHelpers: Editor autosave (incl. sublevels) for '/Game/Blueprints/InventoryTest' took 0.028
[2019.07.27-01.29.50:872][869]OBJ SavePackage: Generating thumbnails for [0] asset(s) in package [/Game/Blueprints/UI/InventoryItem] ([1] browsable assets)...
[2019.07.27-01.29.50:872][869]OBJ SavePackage: Finished generating thumbnails for package [/Game/Blueprints/UI/InventoryItem]
[2019.07.27-01.29.50:889][869]LogSavePackage: Moving '../../../../../../Users/s171872/Desktop/DungeonChef/DungeonChef/Saved/InventoryItem_Auto485D52A3944AEF69FFB38AFB3EBC06A75.tmp' to '../../../../../../Users/s171872/Desktop/DungeonChef/DungeonChef/Saved/Autosaves/Game/Blueprints/UI/InventoryItem_Auto4.uasset'
[2019.07.27-01.29.50:893][869]LogFileHelpers: Auto-saving content packages took 0.021
[2019.07.27-01.31.06:407][651]LogSlate: Window 'InventoryItem*' being destroyed
[2019.07.27-01.31.06:411][651]LogSlate: Window 'InventoryItem*' being destroyed
[2019.07.27-01.31.09:754][918]LogSlate: Window 'Delete Assets' being destroyed
[2019.07.27-01.31.21:752][330]LogAssetEditorManager: Opening Asset editor for WidgetBlueprint /Game/Blueprints/UI/InventoryItem.InventoryItem
[2019.07.27-01.32.40:617][234]LogSlate: Window 'InventoryItem*' being destroyed
[2019.07.27-01.32.40:622][234]LogSlate: Window 'InventoryItem*' being destroyed
[2019.07.27-01.32.46:287][437]LogSlate: Window 'Save Content' being destroyed
[2019.07.27-01.32.46:393][437]LogSavePackage: Moving '../../../../../../Users/s171872/Desktop/DungeonChef/DungeonChef/Saved/InventoryTest67D6ECB94FE135536814EC8DFB6C53DA.tmp' to '../../../../../../Users/s171872/Desktop/DungeonChef/DungeonChef/Content/Blueprints/InventoryTest.umap'
[2019.07.27-01.32.46:420][437]LogFileHelpers: Saving map 'InventoryTest' took 0.117
[2019.07.27-01.32.46:422][437]Cmd: OBJ SAVEPACKAGE PACKAGE="/Game/Blueprints/UI/InventoryItem" FILE="../../../../../../Users/s171872/Desktop/DungeonChef/DungeonChef/Content/Blueprints/UI/InventoryItem.uasset" SILENT=true
[2019.07.27-01.32.46:430][437]LogSavePackage: Moving '../../../../../../Users/s171872/Desktop/DungeonChef/DungeonChef/Saved/InventoryItem42E7BFC54217D23E3B717C96D7689F5A.tmp' to '../../../../../../Users/s171872/Desktop/DungeonChef/DungeonChef/Content/Blueprints/UI/InventoryItem.uasset'
[2019.07.27-01.32.46:505][437]LogSlate: Window 'DungeonChef - Unreal Editor' being destroyed
[2019.07.27-01.32.46:505][437]LogWindowsTextInputMethodSystem: Display: IME system now deactivated.
[2019.07.27-01.32.46:670][438]Cmd: QUIT_EDITOR
[2019.07.27-01.32.46:976][438]LogExit: Preparing to exit.
[2019.07.27-01.32.47:468][438]LogExit: Editor shut down
[2019.07.27-01.32.47:468][438]LogExit: Transaction tracking system shut down
[2019.07.27-01.32.47:987][438]LogExit: Object subsystem successfully closed.
[2019.07.27-01.32.48:002][438]LogShaderCompilers: Display: Shaders left to compile 0
[2019.07.27-01.32.48:005][438]LogD3D11RHI: Shutdown
[2019.07.27-01.32.48:005][438]LogD3D11RHI: CleanupD3DDevice
[2019.07.27-01.32.48:007][438]LogD3D11RHI: ~FD3D11DynamicRHI
[2019.07.27-01.32.48:022][438]LogModuleManager: Shutting down and abandoning module SequencerWidgets (624)
[2019.07.27-01.32.48:023][438]LogModuleManager: Shutting down and abandoning module BlueprintGraph (622)
[2019.07.27-01.32.48:023][438]LogModuleManager: Shutting down and abandoning module ExternalImagePicker (620)
[2019.07.27-01.32.48:023][438]LogModuleManager: Shutting down and abandoning module MovieSceneCapture (618)
[2019.07.27-01.32.48:023][438]LogModuleManager: Shutting down and abandoning module Voice (616)
[2019.07.27-01.32.48:023][438]LogModuleManager: Shutting down and abandoning module DistCurveEditor (614)
[2019.07.27-01.32.48:023][438]LogModuleManager: Shutting down and abandoning module Cascade (612)
[2019.07.27-01.32.48:023][438]LogModuleManager: Shutting down and abandoning module HierarchicalLODOutliner (610)
[2019.07.27-01.32.48:023][438]LogModuleManager: Shutting down and abandoning module SceneOutliner (608)
[2019.07.27-01.32.48:023][438]LogModuleManager: Shutting down and abandoning module AddContentDialog (606)
[2019.07.27-01.32.48:023][438]LogModuleManager: Shutting down and abandoning module WidgetCarousel (605)
[2019.07.27-01.32.48:023][438]LogModuleManager: Shutting down and abandoning module EditorWidgets (602)
[2019.07.27-01.32.48:023][438]LogModuleManager: Shutting down and abandoning module CollectionManager (600)
[2019.07.27-01.32.48:023][438]LogModuleManager: Shutting down and abandoning module StatsViewer (598)
[2019.07.27-01.32.48:023][438]LogModuleManager: Shutting down and abandoning module FoliageEdit (596)
[2019.07.27-01.32.48:023][438]LogModuleManager: Shutting down and abandoning module LandscapeEditor (594)
[2019.07.27-01.32.48:023][438]LogModuleManager: Shutting down and abandoning module MeshPaintMode (592)
[2019.07.27-01.32.48:023][438]LogModuleManager: Shutting down and abandoning module SceneDepthPickerMode (590)
[2019.07.27-01.32.48:023][438]LogModuleManager: Shutting down and abandoning module ActorPickerMode (588)
[2019.07.27-01.32.48:023][438]LogModuleManager: Shutting down and abandoning module GeometryMode (586)
[2019.07.27-01.32.48:023][438]LogModuleManager: Shutting down and abandoning module TextureAlignMode (584)
[2019.07.27-01.32.48:023][438]LogModuleManager: Shutting down and abandoning module BspMode (582)
[2019.07.27-01.32.48:023][438]LogModuleManager: Shutting down and abandoning module PIEPreviewDeviceProfileSelector (580)
[2019.07.27-01.32.48:023][438]LogModuleManager: Shutting down and abandoning module SequenceRecorderSections (578)
[2019.07.27-01.32.48:023][438]LogModuleManager: Shutting down and abandoning module AutomationWorker (576)
[2019.07.27-01.32.48:023][438]LogModuleManager: Shutting down and abandoning module AudioCaptureEditor (574)
[2019.07.27-01.32.48:023][438]LogModuleManager: Shutting down and abandoning module SequenceRecorder (573)
[2019.07.27-01.32.48:023][438]LogModuleManager: Shutting down and abandoning module MatineeToLevelSequence (570)
[2019.07.27-01.32.48:023][438]LogModuleManager: Shutting down and abandoning module LevelSequenceEditor (568)
[2019.07.27-01.32.48:024][438]LogModuleManager: Shutting down and abandoning module PlacementMode (567)
[2019.07.27-01.32.48:024][438]LogModuleManager: Shutting down and abandoning module MaterialEditor (566)
[2019.07.27-01.32.48:024][438]LogModuleManager: Shutting down and abandoning module WmfMediaFactory (562)
[2019.07.27-01.32.48:024][438]LogModuleManager: Shutting down and abandoning module WmfMediaEditor (560)
[2019.07.27-01.32.48:024][438]LogModuleManager: Shutting down and abandoning module MediaPlayerEditor (558)
[2019.07.27-01.32.48:024][438]LogModuleManager: Shutting down and abandoning module OpenExrWrapper (556)
[2019.07.27-01.32.48:024][438]LogModuleManager: Shutting down and abandoning module ImgMediaFactory (554)
[2019.07.27-01.32.48:024][438]LogModuleManager: Shutting down and abandoning module ImgMediaEditor (552)
[2019.07.27-01.32.48:024][438]LogModuleManager: Shutting down and abandoning module AvfMediaFactory (550)
[2019.07.27-01.32.48:024][438]LogModuleManager: Shutting down and abandoning module AvfMediaEditor (548)
[2019.07.27-01.32.48:024][438]LogModuleManager: Shutting down and abandoning module AndroidMediaFactory (546)
[2019.07.27-01.32.48:024][438]LogModuleManager: Shutting down and abandoning module AndroidMediaEditor (544)
[2019.07.27-01.32.48:024][438]LogModuleManager: Shutting down and abandoning module MagicLeapCameraPreviewFactory (542)
[2019.07.27-01.32.48:024][438]LogModuleManager: Shutting down and abandoning module MagicLeapMediaFactory (540)
[2019.07.27-01.32.48:024][438]LogModuleManager: Shutting down and abandoning module MagicLeapMediaEditor (538)
[2019.07.27-01.32.48:024][438]LogModuleManager: Shutting down and abandoning module CharacterAI (536)
[2019.07.27-01.32.48:024][438]LogModuleManager: Shutting down and abandoning module SmartSnapping (534)
[2019.07.27-01.32.48:024][438]LogModuleManager: Shutting down and abandoning module SessionServices (532)
[2019.07.27-01.32.48:024][438]LogModuleManager: Shutting down and abandoning module ViewportSnapping (530)
[2019.07.27-01.32.48:024][438]LogModuleManager: Shutting down and abandoning module ViewportInteraction (528)
[2019.07.27-01.32.48:024][438]LogModuleManager: Shutting down and abandoning module ClothPainter (526)
[2019.07.27-01.32.48:024][438]LogModuleManager: Shutting down and abandoning module SkeletalMeshEditor (525)
[2019.07.27-01.32.48:024][438]LogModuleManager: Shutting down and abandoning module LogVisualizer (522)
[2019.07.27-01.32.48:024][438]LogModuleManager: Shutting down and abandoning module IntroTutorials (520)
[2019.07.27-01.32.48:024][438]LogModuleManager: Shutting down and abandoning module GameProjectGeneration (519)
[2019.07.27-01.32.48:024][438]LogModuleManager: Shutting down and abandoning module LuminPlatformEditor (516)
[2019.07.27-01.32.48:024][438]LogModuleManager: Shutting down and abandoning module IOSPlatformEditor (514)
[2019.07.27-01.32.48:024][438]LogModuleManager: Shutting down and abandoning module HTML5PlatformEditor (512)
[2019.07.27-01.32.48:024][438]LogModuleManager: Shutting down and abandoning module AndroidPlatformEditor (510)
[2019.07.27-01.32.48:024][438]LogModuleManager: Shutting down and abandoning module AndroidDeviceDetection (509)
[2019.07.27-01.32.48:815][438]LogModuleManager: Shutting down and abandoning module WindowsPlatformEditor (506)
[2019.07.27-01.32.48:815][438]LogModuleManager: Shutting down and abandoning module LuminRuntimeSettings (504)
[2019.07.27-01.32.48:815][438]LogModuleManager: Shutting down and abandoning module IOSRuntimeSettings (502)
[2019.07.27-01.32.48:815][438]LogModuleManager: Shutting down and abandoning module AndroidRuntimeSettings (500)
[2019.07.27-01.32.48:815][438]LogModuleManager: Shutting down and abandoning module InputBindingEditor (498)
[2019.07.27-01.32.48:815][438]LogModuleManager: Shutting down and abandoning module MergeActors (496)
[2019.07.27-01.32.48:815][438]LogModuleManager: Shutting down and abandoning module LocalizationDashboard (494)
[2019.07.27-01.32.48:816][438]LogModuleManager: Shutting down and abandoning module LocalizationService (493)
[2019.07.27-01.32.48:816][438]LogModuleManager: Shutting down and abandoning module HardwareTargeting (490)
[2019.07.27-01.32.48:816][438]LogModuleManager: Shutting down and abandoning module DeviceProfileEditor (488)
[2019.07.27-01.32.48:816][438]LogModuleManager: Shutting down and abandoning module UndoHistory (486)
[2019.07.27-01.32.48:816][438]LogModuleManager: Shutting down and abandoning module XmlParser (484)
[2019.07.27-01.32.48:816][438]LogModuleManager: Shutting down and abandoning module Blutility (482)
[2019.07.27-01.32.48:816][438]LogModuleManager: Shutting down and abandoning module ProjectSettingsViewer (480)
[2019.07.27-01.32.48:816][438]LogModuleManager: Shutting down and abandoning module ProjectTargetPlatformEditor (479)
[2019.07.27-01.32.48:816][438]LogModuleManager: Shutting down and abandoning module EditorSettingsViewer (476)
[2019.07.27-01.32.48:816][438]LogModuleManager: Shutting down and abandoning module SettingsEditor (474)
[2019.07.27-01.32.48:816][438]LogModuleManager: Shutting down and abandoning module ProjectLauncher (472)
[2019.07.27-01.32.48:816][438]LogModuleManager: Shutting down and abandoning module SessionFrontend (470)
[2019.07.27-01.32.48:816][438]LogModuleManager: Shutting down and abandoning module ProfilerClient (468)
[2019.07.27-01.32.48:816][438]LogModuleManager: Shutting down and abandoning module DeviceManager (466)
[2019.07.27-01.32.48:816][438]LogModuleManager: Shutting down and abandoning module TargetDeviceServices (465)
[2019.07.27-01.32.48:869][438]LogModuleManager: Shutting down and abandoning module AutomationController (462)
[2019.07.27-01.32.48:869][438]LogModuleManager: Shutting down and abandoning module AutomationWindow (460)
[2019.07.27-01.32.48:869][438]LogModuleManager: Shutting down and abandoning module Layers (458)
[2019.07.27-01.32.48:869][438]LogModuleManager: Shutting down and abandoning module ComponentVisualizers (456)
[2019.07.27-01.32.48:869][438]LogModuleManager: Shutting down and abandoning module DetailCustomizations (454)
[2019.07.27-01.32.48:869][438]LogModuleManager: Shutting down and abandoning module PackagesDialog (452)
[2019.07.27-01.32.48:869][438]LogModuleManager: Shutting down and abandoning module Persona (450)
[2019.07.27-01.32.48:869][438]LogModuleManager: Shutting down and abandoning module AdvancedPreviewScene (449)
[2019.07.27-01.32.48:869][438]LogModuleManager: Shutting down and abandoning module AnimGraph (447)
[2019.07.27-01.32.48:869][438]LogModuleManager: Shutting down and abandoning module Kismet (444)
[2019.07.27-01.32.48:873][438]LogModuleManager: Shutting down and abandoning module GraphEditor (442)
[2019.07.27-01.32.48:873][438]LogModuleManager: Shutting down and abandoning module ClassViewer (440)
[2019.07.27-01.32.48:874][438]LogModuleManager: Shutting down and abandoning module Toolbox (438)
[2019.07.27-01.32.48:874][438]LogModuleManager: Shutting down and abandoning module ModuleUI (436)
[2019.07.27-01.32.48:874][438]LogModuleManager: Shutting down and abandoning module MovieSceneTools (434)
[2019.07.27-01.32.48:874][438]LogModuleManager: Shutting down and abandoning module OutputLog (432)
[2019.07.27-01.32.48:874][438]LogModuleManager: Shutting down and abandoning module GammaUI (430)
[2019.07.27-01.32.48:874][438]LogModuleManager: Shutting down and abandoning module Documentation (428)
[2019.07.27-01.32.48:874][438]LogModuleManager: Shutting down and abandoning module MovieSceneTracks (426)
[2019.07.27-01.32.48:874][438]LogModuleManager: Shutting down and abandoning module MovieScene (424)
[2019.07.27-01.32.48:874][438]LogModuleManager: Shutting down and abandoning module StreamingPauseRendering (422)
[2019.07.27-01.32.48:874][438]LogModuleManager: Shutting down and abandoning module LauncherPlatform (420)
[2019.07.27-01.32.48:874][438]LogModuleManager: Shutting down and abandoning module AnalyticsET (418)
[2019.07.27-01.32.48:874][438]LogModuleManager: Shutting down and abandoning module PortalServices (416)
[2019.07.27-01.32.48:874][438]LogModuleManager: Shutting down and abandoning module PortalRpc (414)
[2019.07.27-01.32.48:874][438]LogModuleManager: Shutting down and abandoning module MessagingRpc (412)
[2019.07.27-01.32.48:874][438]LogModuleManager: Shutting down and abandoning module AIModule (410)
[2019.07.27-01.32.48:874][438]LogModuleManager: Shutting down and abandoning module GameplayDebugger (409)
[2019.07.27-01.32.48:874][438]LogModuleManager: Shutting down and abandoning module AITestSuite (407)
[2019.07.27-01.32.48:874][438]LogModuleManager: Shutting down and abandoning module NavigationSystem (405)
[2019.07.27-01.32.48:874][438]LogModuleManager: Shutting down and abandoning module DesktopPlatform (402)
[2019.07.27-01.32.48:874][438]LogModuleManager: Shutting down and abandoning module ProfilerService (400)
[2019.07.27-01.32.48:917][438]LogModuleManager: Shutting down and abandoning module TaskGraph (398)
[2019.07.27-01.32.48:917][438]LogModuleManager: Shutting down and abandoning module SteamVRController (396)
[2019.07.27-01.32.48:917][438]LogModuleManager: Shutting down and abandoning module ProceduralMeshComponentEditor (394)
[2019.07.27-01.32.48:917][438]LogModuleManager: Shutting down and abandoning module ProceduralMeshComponent (392)
[2019.07.27-01.32.48:917][438]LogModuleManager: Shutting down and abandoning module OculusInput (390)
[2019.07.27-01.32.48:917][438]LogModuleManager: Shutting down and abandoning module MobilePatchingUtils (388)
[2019.07.27-01.32.48:917][438]LogModuleManager: Shutting down and abandoning module EditableMesh (386)
[2019.07.27-01.32.48:917][438]LogModuleManager: Shutting down and abandoning module CustomMeshComponent (384)
[2019.07.27-01.32.48:917][438]LogModuleManager: Shutting down and abandoning module CableComponent (382)
[2019.07.27-01.32.48:917][438]LogModuleManager: Shutting down and abandoning module AudioCapture (380)
[2019.07.27-01.32.48:917][438]LogModuleManager: Shutting down and abandoning module ArchVisCharacter (378)
[2019.07.27-01.32.48:917][438]LogModuleManager: Shutting down and abandoning module AndroidPermission (376)
[2019.07.27-01.32.48:917][438]LogModuleManager: Shutting down and abandoning module NUTUnrealEngine4 (374)
[2019.07.27-01.32.48:917][438]LogModuleManager: Shutting down and abandoning module NetcodeUnitTest (372)
[2019.07.27-01.32.48:917][438]LogModuleManager: Shutting down and abandoning module MediaCompositingEditor (370)
[2019.07.27-01.32.48:917][438]LogModuleManager: Shutting down and abandoning module MediaCompositing (368)
[2019.07.27-01.32.48:917][438]LogModuleManager: Shutting down and abandoning module LinearTimecode (366)
[2019.07.27-01.32.48:918][438]LogModuleManager: Shutting down and abandoning module ImgMedia (364)
[2019.07.27-01.32.48:921][438]LogModuleManager: Shutting down and abandoning module HTML5Networking (362)
[2019.07.27-01.32.48:921][438]LogModuleManager: Shutting down and abandoning module GeometryCacheTracks (360)
[2019.07.27-01.32.48:921][438]LogModuleManager: Shutting down and abandoning module GeometryCacheSequencer (358)
[2019.07.27-01.32.48:921][438]LogModuleManager: Shutting down and abandoning module BackChannel (356)
[2019.07.27-01.32.48:921][438]LogModuleManager: Shutting down and abandoning module AppleVision (354)
[2019.07.27-01.32.48:921][438]LogModuleManager: Shutting down and abandoning module AppleImageUtils (352)
[2019.07.27-01.32.48:921][438]LogModuleManager: Shutting down and abandoning module AlembicImporter (350)
[2019.07.27-01.32.48:921][438]LogModuleManager: Shutting down and abandoning module AlembicLibrary (349)
[2019.07.27-01.32.48:921][438]LogModuleManager: Shutting down and abandoning module GeometryCache (348)
[2019.07.27-01.32.48:921][438]LogModuleManager: Shutting down and abandoning module GeometryCacheEd (347)
[2019.07.27-01.32.48:921][438]LogModuleManager: Shutting down and abandoning module DatasmithContentEditor (342)
[2019.07.27-01.32.48:921][438]LogModuleManager: Shutting down and abandoning module DatasmithContent (340)
[2019.07.27-01.32.48:921][438]LogModuleManager: Shutting down and abandoning module SpeedTreeImporter (338)
[2019.07.27-01.32.48:921][438]LogModuleManager: Shutting down and abandoning module PluginBrowser (336)
[2019.07.27-01.32.48:921][438]LogModuleManager: Shutting down and abandoning module MobileLauncherProfileWizard (334)
[2019.07.27-01.32.48:921][438]LogModuleManager: Shutting down and abandoning module PolygonModeling (332)
[2019.07.27-01.32.48:921][438]LogModuleManager: Shutting down and abandoning module MeshEditor (330)
[2019.07.27-01.32.48:921][438]LogModuleManager: Shutting down and abandoning module CryptoKeysOpenSSL (328)
[2019.07.27-01.32.48:922][438]LogModuleManager: Shutting down and abandoning module CryptoKeys (326)
[2019.07.27-01.32.48:922][438]LogModuleManager: Shutting down and abandoning module VisualStudioSourceCodeAccess (324)
[2019.07.27-01.32.48:922][438]LogModuleManager: Shutting down and abandoning module VisualStudioCodeSourceCodeAccess (322)
[2019.07.27-01.32.48:922][438]LogModuleManager: Shutting down and abandoning module UObjectPlugin (320)
[2019.07.27-01.32.48:922][438]LogModuleManager: Shutting down and abandoning module SubversionSourceControl (318)
[2019.07.27-01.32.48:922][438]LogModuleManager: Shutting down and abandoning module PerforceSourceControl (316)
[2019.07.27-01.32.48:922][438]LogModuleManager: Shutting down and abandoning module GitSourceControl (314)
[2019.07.27-01.32.48:922][438]LogModuleManager: Shutting down and abandoning module SourceControl (313)
[2019.07.27-01.32.48:922][438]LogModuleManager: Shutting down and abandoning module CLionSourceCodeAccess (310)
[2019.07.27-01.32.48:922][438]LogModuleManager: Shutting down and abandoning module LightPropagationVolumeEditor (308)
[2019.07.27-01.32.48:922][438]LogModuleManager: Shutting down and abandoning module PaperTiledImporter (306)
[2019.07.27-01.32.48:922][438]LogModuleManager: Shutting down and abandoning module PaperSpriteSheetImporter (304)
[2019.07.27-01.32.48:922][438]LogModuleManager: Shutting down and abandoning module Paper2DEditor (302)
[2019.07.27-01.32.48:922][438]LogModuleManager: Shutting down and abandoning module MeshPaint (301)
[2019.07.27-01.32.48:922][438]LogModuleManager: Shutting down and abandoning module RuntimePhysXCooking (298)
[2019.07.27-01.32.48:922][438]LogModuleManager: Shutting down and abandoning module PhysXVehiclesEditor (296)
[2019.07.27-01.32.48:922][438]LogModuleManager: Shutting down and abandoning module PhysXVehicles (294)
[2019.07.27-01.32.48:922][438]LogModuleManager: Shutting down and abandoning module OculusEditor (292)
[2019.07.27-01.32.48:922][438]LogModuleManager: Shutting down and abandoning module LocationServicesBPLibrary (290)
[2019.07.27-01.32.48:922][438]LogModuleManager: Shutting down and abandoning module ImmediatePhysicsEditor (288)
[2019.07.27-01.32.48:922][438]LogModuleManager: Shutting down and abandoning module ImmediatePhysics (286)
[2019.07.27-01.32.48:922][438]LogModuleManager: Shutting down and abandoning module ActorSequence (284)
[2019.07.27-01.32.48:922][438]LogModuleManager: Shutting down and abandoning module UdpMessaging (282)
[2019.07.27-01.32.49:022][438]LogModuleManager: Shutting down and abandoning module TcpMessaging (280)
[2019.07.27-01.32.49:123][438]LogModuleManager: Shutting down and abandoning module MagicLeapAudio (278)
[2019.07.27-01.32.49:123][438]LogModuleManager: Shutting down and abandoning module GameplayTagsEditor (276)
[2019.07.27-01.32.49:123][438]LogModuleManager: Shutting down and abandoning module FacialAnimationEditor (274)
[2019.07.27-01.32.49:123][438]LogModuleManager: Shutting down and abandoning module FacialAnimation (272)
[2019.07.27-01.32.49:123][438]LogModuleManager: Shutting down and abandoning module DataValidation (270)
[2019.07.27-01.32.49:123][438]LogModuleManager: Shutting down and abandoning module AssetManagerEditor (268)
[2019.07.27-01.32.49:123][438]LogModuleManager: Shutting down and abandoning module LevelEditor (267)
[2019.07.27-01.32.49:123][438]LogModuleManager: Shutting down and abandoning module PixelInspectorModule (266)
[2019.07.27-01.32.49:123][438]LogModuleManager: Shutting down and abandoning module CommonMenuExtensions (264)
[2019.07.27-01.32.49:123][438]LogModuleManager: Shutting down and abandoning module MainFrame (262)
[2019.07.27-01.32.49:123][438]LogModuleManager: Shutting down and abandoning module HotReload (261)
[2019.07.27-01.32.49:124][438]LogModuleManager: Shutting down and abandoning module ContentBrowser (257)
[2019.07.27-01.32.49:125][438]LogModuleManager: Shutting down and abandoning module TreeMap (255)
[2019.07.27-01.32.49:125][438]LogModuleManager: Shutting down and abandoning module LightPropagationVolumeRuntime (252)
[2019.07.27-01.32.49:125][438]LogModuleManager: Shutting down and abandoning module AISupportModule (250)
[2019.07.27-01.32.49:125][438]LogModuleManager: Shutting down and abandoning module Paper2D (248)
[2019.07.27-01.32.49:125][438]LogModuleManager: Shutting down and abandoning module WindowsMoviePlayer (246)
[2019.07.27-01.32.49:125][438]LogModuleManager: Shutting down and abandoning module WmfMedia (244)
[2019.07.27-01.32.49:126][438]LogModuleManager: Shutting down and abandoning module Media (243)
[2019.07.27-01.32.49:133][438]LogModuleManager: Shutting down and abandoning module PacketHandler (240)
[2019.07.27-01.32.49:133][438]LogModuleManager: Shutting down and abandoning module ClothingSystemEditor (238)
[2019.07.27-01.32.49:133][438]LogModuleManager: Shutting down and abandoning module ClothingSystemRuntime (236)
[2019.07.27-01.32.49:133][438]LogModuleManager: Shutting down and abandoning module MediaAssets (234)
[2019.07.27-01.32.49:133][438]LogModuleManager: Shutting down and abandoning module Overlay (232)
[2019.07.27-01.32.49:133][438]LogModuleManager: Shutting down and abandoning module OverlayEditor (231)
[2019.07.27-01.32.49:133][438]LogModuleManager: Shutting down and abandoning module VREditor (228)
[2019.07.27-01.32.49:133][438]LogModuleManager: Shutting down and abandoning module StringTableEditor (226)
[2019.07.27-01.32.49:133][438]LogModuleManager: Shutting down and abandoning module GameplayTasksEditor (224)
[2019.07.27-01.32.49:133][438]LogModuleManager: Shutting down and abandoning module BehaviorTreeEditor (222)
[2019.07.27-01.32.49:133][438]LogModuleManager: Shutting down and abandoning module FunctionalTesting (220)
[2019.07.27-01.32.49:133][438]LogModuleManager: Shutting down and abandoning module CollisionAnalyzer (218)
[2019.07.27-01.32.49:133][438]LogModuleManager: Shutting down and abandoning module WorkspaceMenuStructure (217)
[2019.07.27-01.32.49:133][438]LogModuleManager: Shutting down and abandoning module UMG (214)
[2019.07.27-01.32.49:133][438]LogModuleManager: Shutting down and abandoning module UMGEditor (213)
[2019.07.27-01.32.49:133][438]LogModuleManager: Shutting down and abandoning module Sequencer (212)
[2019.07.27-01.32.49:133][438]LogModuleManager: Shutting down and abandoning module MessageLog (209)
[2019.07.27-01.32.49:133][438]LogModuleManager: Shutting down and abandoning module SlateReflector (204)
[2019.07.27-01.32.49:133][438]LogModuleManager: Shutting down and abandoning module Slate (202)
[2019.07.27-01.32.49:133][438]LogModuleManager: Shutting down and abandoning module EditorStyle (200)
[2019.07.27-01.32.49:134][438]LogModuleManager: Shutting down and abandoning module MRMesh (198)
[2019.07.27-01.32.49:134][438]LogModuleManager: Shutting down and abandoning module SourceCodeAccess (196)
[2019.07.27-01.32.49:134][438]LogModuleManager: Shutting down and abandoning module HeadMountedDisplay (194)
[2019.07.27-01.32.49:134][438]LogModuleManager: Shutting down and abandoning module XAudio2 (192)
[2019.07.27-01.32.49:134][438]LogModuleManager: Shutting down and abandoning module Networking (190)
[2019.07.27-01.32.49:134][438]LogModuleManager: Shutting down and abandoning module Core (188)
[2019.07.27-01.32.49:134][438]LogModuleManager: Shutting down and abandoning module LevelSequence (186)
[2019.07.27-01.32.49:134][438]LogModuleManager: Shutting down and abandoning module KismetCompiler (184)
[2019.07.27-01.32.49:134][438]LogModuleManager: Shutting down and abandoning module MeshUtilities (182)
[2019.07.27-01.32.49:134][438]LogModuleManager: Shutting down and abandoning module MeshMergeUtilities (181)
[2019.07.27-01.32.49:134][438]LogModuleManager: Shutting down and abandoning module MeshReductionInterface (180)
[2019.07.27-01.32.49:134][438]LogModuleManager: Shutting down and abandoning module SimplygonSwarm (179)
[2019.07.27-01.32.49:134][438]LogModuleManager: Shutting down and abandoning module ProxyLODMeshReduction (177)
[2019.07.27-01.32.49:134][438]LogModuleManager: Shutting down and abandoning module SimplygonMeshReduction (175)
[2019.07.27-01.32.49:134][438]LogModuleManager: Shutting down and abandoning module QuadricMeshReduction (173)
[2019.07.27-01.32.49:134][438]LogModuleManager: Shutting down and abandoning module MaterialBaking (169)
[2019.07.27-01.32.49:134][438]LogModuleManager: Shutting down and abandoning module DirectoryWatcher (165)
[2019.07.27-01.32.49:134][438]LogModuleManager: Shutting down and abandoning module DerivedDataCache (162)
[2019.07.27-01.32.49:148][438]LogDerivedDataCache: Shutdown
[2019.07.27-01.32.49:148][438]LogModuleManager: Shutting down and abandoning module XGEController (160)
[2019.07.27-01.32.49:148][438]LogXGEController: Cleaning working directory: C:/Users/s171872/AppData/Local/Temp/UnrealXGEWorkingDir/
[2019.07.27-01.32.49:149][438]LogModuleManager: Shutting down and abandoning module TargetPlatform (158)
[2019.07.27-01.32.49:149][438]LogModuleManager: Shutting down and abandoning module VulkanShaderFormat (157)
[2019.07.27-01.32.49:149][438]LogModuleManager: Shutting down and abandoning module ShaderFormatVectorVM (155)
[2019.07.27-01.32.49:149][438]LogModuleManager: Shutting down and abandoning module ShaderFormatOpenGL (153)
[2019.07.27-01.32.49:149][438]LogModuleManager: Shutting down and abandoning module ShaderFormatD3D (151)
[2019.07.27-01.32.49:149][438]LogModuleManager: Shutting down and abandoning module MetalShaderFormat (149)
[2019.07.27-01.32.49:149][438]LogModuleManager: Shutting down and abandoning module TextureFormatUncompressed (147)
[2019.07.27-01.32.49:149][438]LogModuleManager: Shutting down and abandoning module TextureFormatPVR (145)
[2019.07.27-01.32.49:149][438]LogModuleManager: Shutting down and abandoning module TextureFormatDXT (143)
[2019.07.27-01.32.49:149][438]LogModuleManager: Shutting down and abandoning module TextureFormatIntelISPCTexComp (141)
[2019.07.27-01.32.49:149][438]LogModuleManager: Shutting down and abandoning module TextureFormatASTC (139)
[2019.07.27-01.32.49:149][438]LogModuleManager: Shutting down and abandoning module ImageWrapper (138)
[2019.07.27-01.32.49:149][438]LogModuleManager: Shutting down and abandoning module TextureFormatAndroid (135)
[2019.07.27-01.32.49:149][438]LogModuleManager: Shutting down and abandoning module AudioFormatOpus (133)
[2019.07.27-01.32.49:149][438]LogModuleManager: Shutting down and abandoning module AudioFormatOgg (131)
[2019.07.27-01.32.49:149][438]LogModuleManager: Shutting down and abandoning module AudioFormatADPCM (129)
[2019.07.27-01.32.49:149][438]LogModuleManager: Shutting down and abandoning module LuminTargetPlatform (127)
[2019.07.27-01.32.49:149][438]LogModuleManager: Shutting down and abandoning module LinuxTargetPlatform (125)
[2019.07.27-01.32.49:149][438]LogModuleManager: Shutting down and abandoning module LinuxServerTargetPlatform (123)
[2019.07.27-01.32.49:149][438]LogModuleManager: Shutting down and abandoning module LinuxNoEditorTargetPlatform (121)
[2019.07.27-01.32.49:149][438]LogModuleManager: Shutting down and abandoning module LinuxClientTargetPlatform (119)
[2019.07.27-01.32.49:149][438]LogModuleManager: Shutting down and abandoning module TVOSTargetPlatform (117)
[2019.07.27-01.32.49:150][438]LogModuleManager: Shutting down and abandoning module Messaging (115)
[2019.07.27-01.32.49:150][438]LogModuleManager: Shutting down and abandoning module IOSTargetPlatform (113)
[2019.07.27-01.32.49:150][438]LogModuleManager: Shutting down and abandoning module HTML5TargetPlatform (111)
[2019.07.27-01.32.49:150][438]LogModuleManager: Shutting down and abandoning module AndroidTargetPlatform (109)
[2019.07.27-01.32.49:155][438]LogModuleManager: Shutting down and abandoning module WindowsTargetPlatform (107)
[2019.07.27-01.32.49:155][438]LogModuleManager: Shutting down and abandoning module WindowsServerTargetPlatform (105)
[2019.07.27-01.32.49:155][438]LogModuleManager: Shutting down and abandoning module WindowsNoEditorTargetPlatform (103)
[2019.07.27-01.32.49:155][438]LogModuleManager: Shutting down and abandoning module WindowsClientTargetPlatform (101)
[2019.07.27-01.32.49:155][438]LogModuleManager: Shutting down and abandoning module MacTargetPlatform (99)
[2019.07.27-01.32.49:155][438]LogModuleManager: Shutting down and abandoning module MacServerTargetPlatform (97)
[2019.07.27-01.32.49:155][438]LogModuleManager: Shutting down and abandoning module MacNoEditorTargetPlatform (95)
[2019.07.27-01.32.49:155][438]LogModuleManager: Shutting down and abandoning module MacClientTargetPlatform (93)
[2019.07.27-01.32.49:155][438]LogModuleManager: Shutting down and abandoning module AllDesktopTargetPlatform (91)
[2019.07.27-01.32.49:155][438]LogModuleManager: Shutting down and abandoning module InputCore (88)
[2019.07.27-01.32.49:155][438]LogModuleManager: Shutting down and abandoning module Settings (86)
[2019.07.27-01.32.49:155][438]LogModuleManager: Shutting down and abandoning module PhysXCooking (84)
[2019.07.27-01.32.49:155][438]LogModuleManager: Shutting down and abandoning module SteamVR (82)
[2019.07.27-01.32.49:155][438]LogModuleManager: Shutting down and abandoning module OculusHMD (80)
[2019.07.27-01.32.49:156][438]LogModuleManager: Shutting down and abandoning module ExampleDeviceProfileSelector (78)
[2019.07.27-01.32.49:156][438]LogModuleManager: Shutting down and abandoning module LauncherChunkInstaller (76)
[2019.07.27-01.32.49:156][438]LogModuleManager: Shutting down and abandoning module OnlineBlueprintSupport (74)
[2019.07.27-01.32.49:156][438]LogModuleManager: Shutting down and abandoning module OnlineSubsystem (70)
[2019.07.27-01.32.49:156][438]LogModuleManager: Shutting down and abandoning module XMPP (65)
[2019.07.27-01.32.49:156][438]LogModuleManager: Shutting down and abandoning module WebSockets (64)
[2019.07.27-01.32.49:166][438]LogModuleManager: Shutting down and abandoning module HTTP (61)
[2019.07.27-01.32.49:166][438]LogHttp: Display: Http module shutting down, but needs to wait on 1 outstanding Http requests:
[2019.07.27-01.32.49:166][438]LogHttp: Display: 	verb=[POST] url=[https://datarouter.ol.epicgames.com/datarouter/api/v1/public/data?SessionID=%7B86367C9A-4C41-5B72-6325-7887A57796AF%7D&AppID=UEEditor.Rocket.Release&AppVersion=4.20.3-4369336%2B%2B%2BUE4%2BRelease-4.20&UserID=c67f753d4662e877441fecb7a4bd5346%7C%7Ce07a78df-14fa-4ff1-b47e-bbfcc9991cf2&AppEnvironment=datacollector-binary&UploadType=eteventstream] status=Processing
[2019.07.27-01.32.49:186][438]LogModuleManager: Shutting down and abandoning module SSL (60)
[2019.07.27-01.32.49:187][438]LogModuleManager: Shutting down and abandoning module MagicLeapEmulator (56)
[2019.07.27-01.32.49:187][438]LogModuleManager: Shutting down and abandoning module MagicLeapPrivileges (54)
[2019.07.27-01.32.49:187][438]LogModuleManager: Shutting down and abandoning module MagicLeapIdentity (52)
[2019.07.27-01.32.49:187][438]LogModuleManager: Shutting down and abandoning module MagicLeapHelperVulkan (50)
[2019.07.27-01.32.49:187][438]LogModuleManager: Shutting down and abandoning module MagicLeapHelperOpenGL (48)
[2019.07.27-01.32.49:187][438]LogModuleManager: Shutting down and abandoning module MagicLeapSecureStorage (46)
[2019.07.27-01.32.49:187][438]LogModuleManager: Shutting down and abandoning module MagicLeapGestures (44)
[2019.07.27-01.32.49:187][438]LogModuleManager: Shutting down and abandoning module MagicLeapEyeTracker (42)
[2019.07.27-01.32.49:187][438]LogModuleManager: Shutting down and abandoning module MagicLeapController (40)
[2019.07.27-01.32.49:187][438]LogSlate: Slate User Destroyed.  User Index 0, Is Virtual User: 0
[2019.07.27-01.32.49:187][438]LogModuleManager: Shutting down and abandoning module MagicLeap (38)
[2019.07.27-01.32.49:188][438]LogModuleManager: Shutting down and abandoning module AnimationModifiers (36)
[2019.07.27-01.32.49:188][438]LogModuleManager: Shutting down and abandoning module PropertyEditor (35)
[2019.07.27-01.32.49:188][438]LogModuleManager: Shutting down and abandoning module AudioEditor (32)
[2019.07.27-01.32.49:188][438]LogModuleManager: Shutting down and abandoning module TextureCompressor (30)
[2019.07.27-01.32.49:188][438]LogModuleManager: Shutting down and abandoning module ShaderCore (28)
[2019.07.27-01.32.49:188][438]LogModuleManager: Shutting down and abandoning module Landscape (26)
[2019.07.27-01.32.49:188][438]LogModuleManager: Shutting down and abandoning module SlateRHIRenderer (24)
[2019.07.27-01.32.49:188][438]LogModuleManager: Shutting down and abandoning module OpenGLDrv (22)
[2019.07.27-01.32.49:188][438]LogModuleManager: Shutting down and abandoning module D3D11RHI (20)
[2019.07.27-01.32.49:188][438]LogModuleManager: Shutting down and abandoning module AnimGraphRuntime (18)
[2019.07.27-01.32.49:188][438]LogModuleManager: Shutting down and abandoning module Renderer (16)
[2019.07.27-01.32.49:188][438]LogModuleManager: Shutting down and abandoning module Engine (14)
[2019.07.27-01.32.49:188][438]LogModuleManager: Shutting down and abandoning module CoreUObject (12)
[2019.07.27-01.32.49:188][438]LogModuleManager: Shutting down and abandoning module NetworkFile (10)
[2019.07.27-01.32.49:188][438]LogModuleManager: Shutting down and abandoning module CookedIterativeFile (8)
[2019.07.27-01.32.49:188][438]LogModuleManager: Shutting down and abandoning module StreamingFile (6)
[2019.07.27-01.32.49:188][438]LogModuleManager: Shutting down and abandoning module SandboxFile (4)
[2019.07.27-01.32.49:188][438]LogModuleManager: Shutting down and abandoning module PakFile (2)
[2019.07.27-01.32.49:194][438]LogExit: Exiting.
[2019.07.27-01.32.49:213][438]Log file closed, 07/27/19 11:32:49
