Log file open, 07/26/19 17:21:09
LogWindows: Failed to load 'aqProf.dll' (GetLastError=126)
LogWindows: File 'aqProf.dll' does not exist
LogWindows: Failed to load 'VSPerf140.dll' (GetLastError=126)
LogWindows: File 'VSPerf140.dll' does not exist
LogWindows: Failed to load 'VtuneApi.dll' (GetLastError=126)
LogWindows: File 'VtuneApi.dll' does not exist
LogWindows: Failed to load 'VtuneApi32e.dll' (GetLastError=126)
LogWindows: File 'VtuneApi32e.dll' does not exist
LogInit: Display: Running engine for game: DungeonChef
LogPlatformFile: Not using cached read wrapper
LogTaskGraph: Started task graph with 5 named threads and 23 total threads with 3 sets of task threads.
LogStats: Stats thread started at 0.287867
LogD3D11RHI: Loaded GFSDK_Aftermath_Lib.x64.dll
LogICUInternationalization: Display: ICU TimeZone Detection - Raw Offset: +10:00, Platform Override: ''
LogPluginManager: Mounting plugin Paper2D
LogPluginManager: Mounting plugin AISupport
LogPluginManager: Mounting plugin LightPropagationVolume
LogPluginManager: Mounting plugin CLionSourceCodeAccess
LogPluginManager: Mounting plugin CodeLiteSourceCodeAccess
LogPluginManager: Mounting plugin GitSourceControl
LogPluginManager: Mounting plugin KDevelopSourceCodeAccess
LogPluginManager: Mounting plugin NullSourceCodeAccess
LogPluginManager: Mounting plugin PerforceSourceControl
LogPluginManager: Mounting plugin SubversionSourceControl
LogPluginManager: Mounting plugin UObjectPlugin
LogPluginManager: Mounting plugin VisualStudioCodeSourceCodeAccess
LogPluginManager: Mounting plugin VisualStudioSourceCodeAccess
LogPluginManager: Mounting plugin XCodeSourceCodeAccess
LogPluginManager: Mounting plugin AssetManagerEditor
LogPluginManager: Mounting plugin CryptoKeys
LogPluginManager: Mounting plugin DataValidation
LogPluginManager: Mounting plugin FacialAnimation
LogPluginManager: Mounting plugin GameplayTagsEditor
LogPluginManager: Mounting plugin MacGraphicsSwitching
LogPluginManager: Mounting plugin MeshEditor
LogPluginManager: Mounting plugin MobileLauncherProfileWizard
LogPluginManager: Mounting plugin PluginBrowser
LogPluginManager: Mounting plugin SpeedTreeImporter
LogPluginManager: Mounting plugin DatasmithContent
LogPluginManager: Mounting plugin AlembicImporter
LogPluginManager: Mounting plugin AppleImageUtils
LogPluginManager: Mounting plugin AppleVision
LogPluginManager: Mounting plugin BackChannel
LogPluginManager: Mounting plugin CharacterAI
LogPluginManager: Mounting plugin GeometryCache
LogPluginManager: Mounting plugin HTML5Networking
LogPluginManager: Mounting plugin ProxyLODPlugin
LogPluginManager: Mounting plugin MagicLeap
LogPluginManager: Mounting plugin MagicLeapEmulator
LogPluginManager: Mounting plugin MagicLeapMedia
LogPluginManager: Mounting plugin AndroidMedia
LogPluginManager: Mounting plugin AvfMedia
LogPluginManager: Mounting plugin ImgMedia
LogPluginManager: Mounting plugin LinearTimecode
LogPluginManager: Mounting plugin MediaCompositing
LogPluginManager: Mounting plugin MediaPlayerEditor
LogPluginManager: Mounting plugin WmfMedia
LogPluginManager: Mounting plugin TcpMessaging
LogPluginManager: Mounting plugin UdpMessaging
LogPluginManager: Mounting plugin ActorSequence
LogPluginManager: Mounting plugin LevelSequenceEditor
LogPluginManager: Mounting plugin MatineeToLevelSequence
LogPluginManager: Mounting plugin NetcodeUnitTest
LogPluginManager: Mounting plugin NUTUnrealEngine4
LogPluginManager: Mounting plugin OnlineSubsystemGooglePlay
LogPluginManager: Mounting plugin OnlineSubsystemIOS
LogPluginManager: Mounting plugin OnlineSubsystem
LogPluginManager: Mounting plugin OnlineSubsystemNull
LogPluginManager: Mounting plugin OnlineSubsystemUtils
LogPluginManager: Mounting plugin LauncherChunkInstaller
LogPluginManager: Mounting plugin AndroidDeviceProfileSelector
LogPluginManager: Mounting plugin AndroidMoviePlayer
LogPluginManager: Mounting plugin AndroidPermission
LogPluginManager: Mounting plugin AppleMoviePlayer
LogPluginManager: Mounting plugin ArchVisCharacter
LogPluginManager: Mounting plugin AudioCapture
LogPluginManager: Mounting plugin CableComponent
LogPluginManager: Mounting plugin CustomMeshComponent
LogPluginManager: Mounting plugin EditableMesh
LogPluginManager: Mounting plugin ExampleDeviceProfileSelector
LogPluginManager: Mounting plugin GoogleCloudMessaging
LogPluginManager: Mounting plugin ImmediatePhysics
LogPluginManager: Mounting plugin IOSDeviceProfileSelector
LogPluginManager: Mounting plugin LinuxDeviceProfileSelector
LogPluginManager: Mounting plugin LocationServicesBPLibrary
LogPluginManager: Mounting plugin MobilePatchingUtils
LogPluginManager: Mounting plugin OculusVR
LogPluginManager: Plugin shader directory ../../../Engine/Plugins/Runtime/Oculus/OculusVR/Shaders found
LogPluginManager: Mapping shader source directory ../../../Engine/Plugins/Runtime/Oculus/OculusVR/Shaders to virtual directory /Plugin/OculusVR
LogPluginManager: Mounting plugin PhysXVehicles
LogPluginManager: Mounting plugin ProceduralMeshComponent
LogPluginManager: Mounting plugin RuntimePhysXCooking
LogPluginManager: Mounting plugin SteamVR
LogPluginManager: Mounting plugin WindowsMoviePlayer
LogStreaming: Display: Took  0.227s to configure plugins.
LogInit: Using libcurl 7.55.1-DEV
LogInit:  - built for x86_64-pc-win32
LogInit:  - supports SSL with OpenSSL/1.0.2h
LogInit:  - supports HTTP deflate (compression) using libz 1.2.8
LogInit:  - other features:
LogInit:      CURL_VERSION_SSL
LogInit:      CURL_VERSION_LIBZ
LogInit:      CURL_VERSION_IPV6
LogInit:      CURL_VERSION_ASYNCHDNS
LogInit:      CURL_VERSION_LARGEFILE
LogInit:      CURL_VERSION_IDN
LogInit:  CurlRequestOptions (configurable via config and command line):
LogInit:  - bVerifyPeer = false  - Libcurl will NOT verify peer certificate
LogInit:  - bUseHttpProxy = false  - Libcurl will NOT use HTTP proxy
LogInit:  - bDontReuseConnections = false  - Libcurl will reuse connections
LogInit:  - CertBundlePath = nullptr  - Libcurl will use whatever was configured at build time.
LogInit:  - MaxHostConnections = 16  - Libcurl will limit the number of connections to a host
LogInit:  - LocalHostAddr = Default
LogInit:  - BufferSize = 65536
LogInit: WinSock: version 1.1 (2.2), MaxSocks=32767, MaxUdp=65467
LogInit: Build: ++UE4+Release-4.20-CL-4369336
LogInit: Engine Version: 4.20.3-4369336+++UE4+Release-4.20
LogInit: Compatible Engine Version: 4.20.0-4212847+++UE4+Release-4.20
LogInit: Net CL: 4212847
LogInit: OS: Windows 10 (), CPU:         Intel(R) Core(TM) i7-3770 CPU @ 3.40GHz, GPU: NVIDIA GeForce GTX 660 Ti
LogInit: Compiled (64-bit): Sep 17 2018 12:26:19
LogInit: Compiled with Visual C++: 19.13.26129.00
LogInit: Build Configuration: Development
LogInit: Branch Name: ++UE4+Release-4.20
LogInit: Command Line: 
LogInit: Base Directory: C:/Program Files/Epic Games/UE_4.20/Engine/Binaries/Win64/
LogInit: Installed Engine Build: 1
LogDevObjectVersion: Number of dev versions registered: 20
LogDevObjectVersion:   Dev-Blueprints (B0D832E4-1F89-4F0D-ACCF-7EB736FD4AA2): 10
LogDevObjectVersion:   Dev-Build (E1C64328-A22C-4D53-A36C-8E866417BD8C): 0
LogDevObjectVersion:   Dev-Core (375EC13C-06E4-48FB-B500-84F0262A717E): 2
LogDevObjectVersion:   Dev-Editor (E4B068ED-F494-42E9-A231-DA0B2E46BB41): 24
LogDevObjectVersion:   Dev-Framework (CFFC743F-43B0-4480-9391-14DF171D2073): 34
LogDevObjectVersion:   Dev-Mobile (B02B49B5-BB20-44E9-A304-32B752E40360): 2
LogDevObjectVersion:   Dev-Networking (A4E4105C-59A1-49B5-A7C5-40C4547EDFEE): 0
LogDevObjectVersion:   Dev-Online (39C831C9-5AE6-47DC-9A44-9C173E1C8E7C): 0
LogDevObjectVersion:   Dev-Physics (78F01B33-EBEA-4F98-B9B4-84EACCB95AA2): 0
LogDevObjectVersion:   Dev-Platform (6631380F-2D4D-43E0-8009-CF276956A95A): 0
LogDevObjectVersion:   Dev-Rendering (12F88B9F-8875-4AFC-A67C-D90C383ABD29): 26
LogDevObjectVersion:   Dev-Sequencer (7B5AE74C-D270-4C10-A958-57980B212A5A): 9
LogDevObjectVersion:   Dev-VR (D7296918-1DD6-4BDD-9DE2-64A83CC13884): 2
LogDevObjectVersion:   Dev-LoadTimes (C2A15278-BFE7-4AFE-6C17-90FF531DF755): 1
LogDevObjectVersion:   Private-Geometry (6EACA3D4-40EC-4CC1-B786-8BED09428FC5): 3
LogDevObjectVersion:   Dev-AnimPhys (29E575DD-E0A3-4627-9D10-D276232CDCEA): 17
LogDevObjectVersion:   Dev-ReflectionCapture (6B266CEC-1EC7-4B8F-A30B-E4D90942FC07): 1
LogDevObjectVersion:   Dev-Automation (0DF73D61-A23F-47EA-B727-89E90C41499A): 1
LogDevObjectVersion:   FortniteMain (601D1886-AC64-4F84-AA16-D3DE0DEAC7D6): 12
LogDevObjectVersion:   Dev-Enterprise (9DFFBCD6-494F-0158-E221-12823C92A888): 1
LogStreaming: Display: Took  0.000s to delete old logs.
LogInit: Presizing for max 8388607 objects, including 0 objects not considered by GC, pre-allocating 0 bytes for permanent pool.
LogInit: Object subsystem initialized
[2019.07.26-07.21.09:795][  0]LogInit: Selected Device Profile: [Windows]
[2019.07.26-07.21.09:795][  0]LogInit: Applying CVar settings loaded from the selected device profile: [Windows]
[2019.07.26-07.21.09:810][  0]LogHAL: Display: Platform has ~ 32 GB [34316943360 / 34359738368 / 32], which maps to Largest [LargestMinGB=32, LargerMinGB=12, DefaultMinGB=8, SmallerMinGB=6, SmallestMinGB=0)
[2019.07.26-07.21.09:810][  0]LogInit: Setting Device Profile CVar: [[r.Vulkan.UseRealUBs:1]]
[2019.07.26-07.21.09:810][  0]LogInit: Going up to parent DeviceProfile []
[2019.07.26-07.21.09:810][  0]LogInit: Computer: CAN-D2E367
[2019.07.26-07.21.09:810][  0]LogInit: User: s181183
[2019.07.26-07.21.09:810][  0]LogInit: CPU Page size=4096, Cores=4
[2019.07.26-07.21.09:810][  0]LogInit: High frequency timer resolution =3.323582 MHz
[2019.07.26-07.21.09:811][  0]LogMemory: Memory total: Physical=32.0GB (32GB approx)
[2019.07.26-07.21.09:811][  0]LogMemory: Platform Memory Stats for Windows
[2019.07.26-07.21.09:811][  0]LogMemory: Process Physical Memory: 100.93 MB used, 100.93 MB peak
[2019.07.26-07.21.09:811][  0]LogMemory: Process Virtual Memory: 89.38 MB used, 89.38 MB peak
[2019.07.26-07.21.09:811][  0]LogMemory: Physical Memory: 6124.32 MB used,  26602.87 MB free, 32727.19 MB total
[2019.07.26-07.21.09:811][  0]LogMemory: Virtual Memory: 4638.75 MB used,  26602.87 MB free, 134217728.00 MB total
[2019.07.26-07.21.09:842][  0]LogInit: Using OS detected language (en-US).
[2019.07.26-07.21.09:842][  0]LogInit: Using OS detected locale (en-US).
[2019.07.26-07.21.09:843][  0]LogTextLocalizationManager: No specific localization for 'en-US' exists, so the 'en' localization will be used.
[2019.07.26-07.21.10:197][  0]LogStreaming: Display: Took  0.355s to InitEngineTextLocalization.
[2019.07.26-07.21.10:197][  0]LogInit: Setting process to per monitor DPI aware
[2019.07.26-07.21.10:225][  0]LogSlate: New Slate User Created.  User Index 0, Is Virtual User: 0
[2019.07.26-07.21.10:225][  0]LogSlate: Slate User Registered.  User Index 0, Is Virtual User: 0
[2019.07.26-07.21.10:524][  0]LogHMD: Failed to initialize OpenVR with code 110
[2019.07.26-07.21.10:524][  0]LogD3D11RHI: D3D11 adapters:
[2019.07.26-07.21.10:598][  0]LogD3D11RHI:    0. 'NVIDIA GeForce GTX 660 Ti' (Feature Level 11_0)
[2019.07.26-07.21.10:598][  0]LogD3D11RHI:       1998/0/16363 MB DedicatedVideo/DedicatedSystem/SharedSystem, Outputs:2, VendorId:0x10de
[2019.07.26-07.21.10:600][  0]LogD3D11RHI:    1. 'Microsoft Basic Render Driver' (Feature Level 11_0)
[2019.07.26-07.21.10:600][  0]LogD3D11RHI:       0/0/16363 MB DedicatedVideo/DedicatedSystem/SharedSystem, Outputs:0, VendorId:0x1414
[2019.07.26-07.21.10:600][  0]LogD3D11RHI: Chosen D3D11 Adapter: 0
[2019.07.26-07.21.10:605][  0]LogD3D11RHI: Creating new Direct3DDevice
[2019.07.26-07.21.10:605][  0]LogD3D11RHI:     GPU DeviceId: 0x1183 (for the marketing name, search the web for "GPU Device Id")
[2019.07.26-07.21.10:605][  0]LogWindows: EnumDisplayDevices:
[2019.07.26-07.21.10:605][  0]LogWindows:    0. 'NVIDIA GeForce GTX 660 Ti' (P:0 D:1)
[2019.07.26-07.21.10:606][  0]LogWindows:    1. 'NVIDIA GeForce GTX 660 Ti' (P:1 D:1)
[2019.07.26-07.21.10:606][  0]LogWindows:    2. 'NVIDIA GeForce GTX 660 Ti' (P:0 D:0)
[2019.07.26-07.21.10:606][  0]LogWindows:    3. 'NVIDIA GeForce GTX 660 Ti' (P:0 D:0)
[2019.07.26-07.21.10:607][  0]LogWindows: DebugString: FoundDriverCount:4 
[2019.07.26-07.21.10:607][  0]LogD3D11RHI:     Adapter Name: NVIDIA GeForce GTX 660 Ti
[2019.07.26-07.21.10:607][  0]LogD3D11RHI:   Driver Version: 417.35 (internal:25.21.14.1735, unified:417.35)
[2019.07.26-07.21.10:607][  0]LogD3D11RHI:      Driver Date: 12-11-2018
[2019.07.26-07.21.10:607][  0]LogRHI: Texture pool is 1398 MB (70% of 1998 MB)
[2019.07.26-07.21.10:656][  0]LogD3D11RHI: Async texture creation enabled
[2019.07.26-07.21.10:673][  0]LogD3D11RHI: GPU Timing Frequency: 1000.000000 (Debug: 2 2)
[2019.07.26-07.21.10:676][  0]LogShaderCompilers: Guid format shader working directory is 0 characters bigger than the processId version (../../../../../../JBGKS1/DungeonChef/DungeonChef/Intermediate/Shaders/WorkingDirectory/3240/).
[2019.07.26-07.21.10:676][  0]LogShaderCompilers: Cleaned the shader compiler working directory 'C:/Users/s181183/AppData/Local/Temp/UnrealShaderWorkingDir/2F91F85E4C472C4DFE4869AB46F27A1F/'.
[2019.07.26-07.21.10:961][  0]LogTemp: Display: Loaded TP AllDesktopTargetPlatform
[2019.07.26-07.21.10:975][  0]LogTemp: Display: Loaded TP MacClientTargetPlatform
[2019.07.26-07.21.10:989][  0]LogTemp: Display: Loaded TP MacNoEditorTargetPlatform
[2019.07.26-07.21.11:003][  0]LogTemp: Display: Loaded TP MacServerTargetPlatform
[2019.07.26-07.21.11:018][  0]LogTemp: Display: Loaded TP MacTargetPlatform
[2019.07.26-07.21.11:031][  0]LogTemp: Display: Loaded TP WindowsClientTargetPlatform
[2019.07.26-07.21.11:044][  0]LogTemp: Display: Loaded TP WindowsNoEditorTargetPlatform
[2019.07.26-07.21.11:058][  0]LogTemp: Display: Loaded TP WindowsServerTargetPlatform
[2019.07.26-07.21.11:064][  0]LogTemp: Display: Loaded TP WindowsTargetPlatform
[2019.07.26-07.21.11:146][  0]LogTemp: Display: Loaded TP AndroidTargetPlatform
[2019.07.26-07.21.11:146][  0]LogTemp: Display: Loaded TP AndroidTargetPlatform
[2019.07.26-07.21.11:146][  0]LogTemp: Display: Loaded TP AndroidTargetPlatform
[2019.07.26-07.21.11:146][  0]LogTemp: Display: Loaded TP AndroidTargetPlatform
[2019.07.26-07.21.11:146][  0]LogTemp: Display: Loaded TP AndroidTargetPlatform
[2019.07.26-07.21.11:146][  0]LogTemp: Display: Loaded TP AndroidTargetPlatform
[2019.07.26-07.21.11:146][  0]LogTemp: Display: Loaded TP AndroidTargetPlatform
[2019.07.26-07.21.11:146][  0]LogTemp: Display: Loaded TP AndroidTargetPlatform
[2019.07.26-07.21.11:146][  0]LogTemp: Display: Loaded TP AndroidTargetPlatform
[2019.07.26-07.21.11:146][  0]LogTemp: Display: Loaded TP AndroidTargetPlatform
[2019.07.26-07.21.11:146][  0]LogTemp: Display: Loaded TP AndroidTargetPlatform
[2019.07.26-07.21.11:146][  0]LogTemp: Display: Loaded TP AndroidTargetPlatform
[2019.07.26-07.21.11:146][  0]LogTemp: Display: Loaded TP AndroidTargetPlatform
[2019.07.26-07.21.11:146][  0]LogTemp: Display: Loaded TP AndroidTargetPlatform
[2019.07.26-07.21.11:146][  0]LogTemp: Display: Loaded TP AndroidTargetPlatform
[2019.07.26-07.21.11:146][  0]LogTemp: Display: Loaded TP AndroidTargetPlatform
[2019.07.26-07.21.11:146][  0]LogTemp: Display: Loaded TP AndroidTargetPlatform
[2019.07.26-07.21.11:146][  0]LogTemp: Display: Loaded TP AndroidTargetPlatform
[2019.07.26-07.21.11:148][  0]LogTemp: Display: Loaded TP HTML5TargetPlatform
[2019.07.26-07.21.11:210][  0]LogTemp: Display: Loaded TP IOSTargetPlatform
[2019.07.26-07.21.11:210][  0]LogTemp: Display: Loaded TP IOSTargetPlatform
[2019.07.26-07.21.11:236][  0]LogTemp: Display: Loaded TP TVOSTargetPlatform
[2019.07.26-07.21.11:236][  0]LogTemp: Display: Loaded TP TVOSTargetPlatform
[2019.07.26-07.21.11:250][  0]LogTemp: Display: Loaded TP LinuxClientTargetPlatform
[2019.07.26-07.21.11:264][  0]LogTemp: Display: Loaded TP LinuxNoEditorTargetPlatform
[2019.07.26-07.21.11:278][  0]LogTemp: Display: Loaded TP LinuxServerTargetPlatform
[2019.07.26-07.21.11:292][  0]LogTemp: Display: Loaded TP LinuxTargetPlatform
[2019.07.26-07.21.11:304][  0]LogTemp: Display: Loaded TP LuminTargetPlatform
[2019.07.26-07.21.11:304][  0]LogTargetPlatformManager: Display: Building Assets For Windows
[2019.07.26-07.21.11:365][  0]LogXGEController: Cannot use XGE Controller as Incredibuild is not installed on this machine.
[2019.07.26-07.21.11:365][  0]LogShaderCompilers: Cannot use XGE Shader Compiler as Incredibuild is not installed on this machine.
[2019.07.26-07.21.11:365][  0]LogShaderCompilers: Display: Using Local Shader Compiler.
[2019.07.26-07.21.12:245][  0]LogDerivedDataCache: Display: Max Cache Size: 512 MB
[2019.07.26-07.21.12:309][  0]LogDerivedDataCache: Loaded boot cache 0.06s 87MB C:/Users/s181183/AppData/Local/UnrealEngine/4.20/DerivedDataCache/Boot.ddc.
[2019.07.26-07.21.12:309][  0]LogDerivedDataCache: Display: Loaded Boot cache: C:/Users/s181183/AppData/Local/UnrealEngine/4.20/DerivedDataCache/Boot.ddc
[2019.07.26-07.21.12:309][  0]LogDerivedDataCache: FDerivedDataBackendGraph:  Pak pak cache file ../../../../../../JBGKS1/DungeonChef/DungeonChef/DerivedDataCache/DDC.ddp not found, will not use a pak cache.
[2019.07.26-07.21.12:309][  0]LogDerivedDataCache: Unable to find inner node Pak for hierarchical cache Hierarchy.
[2019.07.26-07.21.12:309][  0]LogDerivedDataCache: FDerivedDataBackendGraph:  CompressedPak pak cache file ../../../../../../JBGKS1/DungeonChef/DungeonChef/DerivedDataCache/Compressed.ddp not found, will not use a pak cache.
[2019.07.26-07.21.12:309][  0]LogDerivedDataCache: Unable to find inner node CompressedPak for hierarchical cache Hierarchy.
[2019.07.26-07.21.12:322][  0]LogDerivedDataCache: Display: Pak cache opened for reading ../../../Engine/DerivedDataCache/Compressed.ddp.
[2019.07.26-07.21.12:335][  0]LogDerivedDataCache: Using Local data cache path C:/Users/s181183/AppData/Local/UnrealEngine/Common/DerivedDataCache: Writable
[2019.07.26-07.21.12:335][  0]LogDerivedDataCache: Shared data cache path not found in *engine.ini, will not use an Shared cache.
[2019.07.26-07.21.12:335][  0]LogDerivedDataCache: Unable to find inner node Shared for hierarchical cache Hierarchy.
[2019.07.26-07.21.12:354][  0]LogMaterial: Verifying Global Shaders for PCD3D_SM5
[2019.07.26-07.21.12:355][  0]LogSlate: Using FreeType 2.6.0
[2019.07.26-07.21.12:356][  0]LogSlate: SlateFontServices - WITH_FREETYPE: 1, WITH_HARFBUZZ: 1
[2019.07.26-07.21.12:446][  0]LogAssetRegistry: FAssetRegistry took 0.0269 seconds to start up
[2019.07.26-07.21.12:838][  0]LogInit: Selected Device Profile: [Windows]
[2019.07.26-07.21.12:973][  0]LogSimplygon: Simplygon DLL not present - disabling.
[2019.07.26-07.21.12:977][  0]LogMeshReduction: Using SimplygonSwarm for distributed automatic mesh merging
[2019.07.26-07.21.12:977][  0]LogMeshReduction: Using ProxyLODMeshReduction for automatic mesh merging
[2019.07.26-07.21.12:977][  0]LogMeshReduction: Using QuadricMeshReduction for automatic static mesh reduction
[2019.07.26-07.21.12:977][  0]LogMeshReduction: No automatic skeletal mesh reduction module available
[2019.07.26-07.21.12:999][  0]LogNetVersion: DungeonChef 1.0.0, NetCL: 4212847, EngineNetVer: 5, GameNetVer: 0 (Checksum: 2222090823)
[2019.07.26-07.21.13:672][  0]LogPackageLocalizationCache: Processed 11 localized package path(s) for 2 prioritized culture(s) in 0.221897 seconds
[2019.07.26-07.21.13:678][  0]LogUObjectArray: 38425 objects as part of root set at end of initial load.
[2019.07.26-07.21.13:678][  0]LogUObjectAllocator: 6690864 out of 0 bytes used by permanent object pool.
[2019.07.26-07.21.13:678][  0]LogUObjectArray: CloseDisregardForGC: 0/0 objects in disregard for GC pool
[2019.07.26-07.21.14:698][  0]LogTcpMessaging: Initializing TcpMessaging bridge
[2019.07.26-07.21.14:711][  0]LogUdpMessaging: Initializing bridge on interface 0.0.0.0:0 to multicast group 230.0.0.1:6666.
[2019.07.26-07.21.14:862][  0]SourceControl: Source control is disabled
[2019.07.26-07.21.14:863][  0]SourceControl: Source control is disabled
[2019.07.26-07.21.14:864][  0]SourceControl: Source control is disabled
[2019.07.26-07.21.14:865][  0]SourceControl: Source control is disabled
[2019.07.26-07.21.15:045][  0]LogAndroidPermission: UAndroidPermissionCallbackProxy::GetInstance
[2019.07.26-07.21.15:091][  0]LogOcInput: OculusInput pre-init called
[2019.07.26-07.21.15:154][  0]LogEngine: Initializing Engine...
[2019.07.26-07.21.15:155][  0]LogHMD: Failed to initialize OpenVR with code 110
[2019.07.26-07.21.15:156][  0]LogStats: UGameplayTagsManager::ConstructGameplayTagTree: ImportINI prefixes -  0.000 s
[2019.07.26-07.21.15:156][  0]LogStats: UGameplayTagsManager::ConstructGameplayTagTree: Construct from data asset -  0.000 s
[2019.07.26-07.21.15:156][  0]LogStats: UGameplayTagsManager::ConstructGameplayTagTree: ImportINI -  0.000 s
[2019.07.26-07.21.15:156][  0]LogStats: UGameplayTagsManager::ConstructGameplayTagTree: GameplayTagTreeChangedEvent.Broadcast -  0.000 s
[2019.07.26-07.21.15:367][  0]LogInit: Initializing FReadOnlyCVARCache
[2019.07.26-07.21.15:380][  0]LogAIModule: Creating AISystem for world Untitled
[2019.07.26-07.21.15:393][  0]LogInit: XAudio2 using 'Digital Audio (S/PDIF) (2- High Definition Audio Device)' : 2 channels at 48 kHz using 16 bits per sample (channel mask 0x3)
[2019.07.26-07.21.15:421][  0]LogInit: FAudioDevice initialized.
[2019.07.26-07.21.15:422][  0]LogNetVersion: Set ProjectVersion to 1.0.0.0. Version Checksum will be recalculated on next use.
[2019.07.26-07.21.15:513][  0]LogDerivedDataCache: Saved boot cache 0.09s 87MB C:/Users/s181183/AppData/Local/UnrealEngine/4.20/DerivedDataCache/Boot.ddc.
[2019.07.26-07.21.15:525][  0]LogInit: Texture streaming: Enabled
[2019.07.26-07.21.15:545][  0]LogEngineSessionManager: EngineSessionManager initialized
[2019.07.26-07.21.15:568][  0]LogInit: Transaction tracking system initialized
[2019.07.26-07.21.15:589][  0]BlueprintLog: New page: Editor Load
[2019.07.26-07.21.15:667][  0]LocalizationService: Localization service is disabled
[2019.07.26-07.21.15:934][  0]LogCook: Display: Max memory allowance for cook 16384mb min free memory 0mb
[2019.07.26-07.21.15:934][  0]LogCook: Display: Mobile HDR setting 1
[2019.07.26-07.21.15:934][  0]LogGameplayTags: Display: UGameplayTagsManager::DoneAddingNativeTags. DelegateIsBound: 0
[2019.07.26-07.21.15:934][  0]LogStats: UGameplayTagsManager::ConstructGameplayTagTree: ImportINI prefixes -  0.000 s
[2019.07.26-07.21.15:934][  0]LogStats: UGameplayTagsManager::ConstructGameplayTagTree: Construct from data asset -  0.000 s
[2019.07.26-07.21.15:934][  0]LogStats: UGameplayTagsManager::ConstructGameplayTagTree: ImportINI -  0.000 s
[2019.07.26-07.21.15:934][  0]LogStats: UGameplayTagsManager::ConstructGameplayTagTree: GameplayTagTreeChangedEvent.Broadcast -  0.000 s
[2019.07.26-07.21.16:060][  0]LogFileCache: Scanning file cache for directory 'C:/JBGKS1/DungeonChef/DungeonChef/Content/' took 0.01s
[2019.07.26-07.21.16:060][  0]SourceControl: Source control is disabled
[2019.07.26-07.21.16:060][  0]Cmd: MAP LOAD FILE="../../../../../../JBGKS1/DungeonChef/DungeonChef/Content/StarterContent/Maps/Minimal_Default.umap" TEMPLATE=0 SHOWPROGRESS=1 FEATURELEVEL=3
[2019.07.26-07.21.16:061][  0]LightingResults: New page: Lighting Build
[2019.07.26-07.21.16:063][  0]MapCheck: New page: Map Check
[2019.07.26-07.21.16:063][  0]LightingResults: New page: Lighting Build
[2019.07.26-07.21.16:195][  0]LogLinker: Warning: Can't find file '/Game/StarterContent/Maps/Minimal_Default_BuiltData'
[2019.07.26-07.21.16:196][  0]LogLinker: Warning: Can't find file for asset '/Game/StarterContent/Maps/Minimal_Default_BuiltData' while loading ../../../../../../JBGKS1/DungeonChef/DungeonChef/Content/StarterContent/Maps/Minimal_Default.umap.
[2019.07.26-07.21.16:196][  0]LoadErrors: Error: /Game/StarterContent/Maps/Minimal_Default : Can't find file for asset. /Game/StarterContent/Maps/Minimal_Default_BuiltData
[2019.07.26-07.21.16:229][  0]LogLinker: Warning: Can't find file '/Game/StarterContent/Maps/Minimal_Default_BuiltData'
[2019.07.26-07.21.16:229][  0]LogLinker: Warning: Can't find file for asset '/Game/StarterContent/Maps/Minimal_Default_BuiltData' while loading ../../../../../../JBGKS1/DungeonChef/DungeonChef/Content/StarterContent/Maps/Minimal_Default.umap.
[2019.07.26-07.21.16:229][  0]LoadErrors: Error: /Game/StarterContent/Maps/Minimal_Default : Can't find file for asset. /Game/StarterContent/Maps/Minimal_Default_BuiltData
[2019.07.26-07.21.16:248][  0]LogLinker: Warning: Can't find file '/Game/StarterContent/Maps/Minimal_Default_BuiltData'
[2019.07.26-07.21.16:248][  0]LogLinker: Warning: Can't find file for asset '/Game/StarterContent/Maps/Minimal_Default_BuiltData' while loading NULL.
[2019.07.26-07.21.16:248][  0]LogLinker: Warning: Can't find file '/Game/StarterContent/Maps/Minimal_Default_BuiltData'
[2019.07.26-07.21.16:248][  0]LogLinker: Warning: Can't find file for asset '/Game/StarterContent/Maps/Minimal_Default_BuiltData' while loading NULL.
[2019.07.26-07.21.16:259][  0]LogLinker: Warning: Can't find file '/Game/StarterContent/Maps/Minimal_Default_BuiltData'
[2019.07.26-07.21.16:259][  0]LoadErrors: Failed to load /Game/StarterContent/Maps/Minimal_Default_BuiltData.Minimal_Default_BuiltData Referenced by PersistentLevel
[2019.07.26-07.21.16:260][  0]LogLinker: Warning: Can't find file for asset '/Game/StarterContent/Maps/Minimal_Default_BuiltData' while loading NULL.
[2019.07.26-07.21.16:260][  0]LoadErrors: Failed to load /Game/StarterContent/Maps/Minimal_Default_BuiltData.Minimal_Default_BuiltData Referenced by PersistentLevel
[2019.07.26-07.21.16:301][  0]LogStaticMesh: Building static mesh Floor_400x400...
[2019.07.26-07.21.16:305][  0]LogStaticMesh: Built static mesh [0.00s] /Game/StarterContent/Architecture/Floor_400x400.Floor_400x400
[2019.07.26-07.21.16:530][  0]LogAIModule: Creating AISystem for world Minimal_Default
[2019.07.26-07.21.16:539][  0]LogEditorServer: Finished looking for orphan Actors (0.000 secs)
[2019.07.26-07.21.16:561][  0]Cmd: MAP CHECKDEP NOCLEARLOG
[2019.07.26-07.21.16:683][  0]MapCheck: Map check complete: 0 Error(s), 0 Warning(s), took 121.631ms to complete.
[2019.07.26-07.21.16:683][  0]LogFileHelpers: Loading map 'Minimal_Default' took 0.623
[2019.07.26-07.21.16:807][  0]LogSlate: Updating window title bar state: overlay mode, drag disabled, window buttons hidden, title bar hidden
[2019.07.26-07.21.16:818][  0]LogSlate: Updating window title bar state: overlay mode, drag disabled, window buttons hidden, title bar hidden
[2019.07.26-07.21.16:829][  0]LogSlate: Updating window title bar state: overlay mode, drag disabled, window buttons hidden, title bar hidden
[2019.07.26-07.21.16:841][  0]LogSlate: Updating window title bar state: overlay mode, drag disabled, window buttons hidden, title bar hidden
[2019.07.26-07.21.16:851][  0]LogCollectionManager: Loaded 0 collections in 0.001170 seconds
[2019.07.26-07.21.16:917][  0]LogFileCache: Scanning file cache for directory 'C:/JBGKS1/DungeonChef/DungeonChef/Saved/Collections/' took 0.01s
[2019.07.26-07.21.16:918][  0]LogFileCache: Scanning file cache for directory 'C:/JBGKS1/DungeonChef/DungeonChef/Content/Developers/s181183/Collections/' took 0.01s
[2019.07.26-07.21.16:918][  0]LogFileCache: Scanning file cache for directory 'C:/JBGKS1/DungeonChef/DungeonChef/Content/Collections/' took 0.01s
[2019.07.26-07.21.16:918][  0]LogCollectionManager: Rebuilt the GUID cache for 0 collections in 0.000000 seconds
[2019.07.26-07.21.16:931][  0]LogContentBrowser: Native class hierarchy populated in 0.0119 seconds. Added 2572 classes and 603 folders.
[2019.07.26-07.21.16:944][  0]LogContentBrowser: Native class hierarchy updated for 'WidgetCarousel' in 0.0002 seconds. Added 0 classes and 0 folders.
[2019.07.26-07.21.17:112][  0]LogContentBrowser: Native class hierarchy updated for 'AddContentDialog' in 0.0003 seconds. Added 0 classes and 0 folders.
[2019.07.26-07.21.17:126][  0]LogContentBrowser: Native class hierarchy updated for 'SceneOutliner' in 0.0003 seconds. Added 1 classes and 2 folders.
[2019.07.26-07.21.17:177][  0]LogSlate: Took 0.000367 seconds to synchronously load lazily loaded font '../../../Engine/Content/Slate/Fonts/Roboto-Regular.ttf' (155K)
[2019.07.26-07.21.17:180][  0]LogSlate: Took 0.000339 seconds to synchronously load lazily loaded font '../../../Engine/Content/Slate/Fonts/Roboto-Bold.ttf' (160K)
[2019.07.26-07.21.17:189][  0]LogSlate: Took 0.001418 seconds to synchronously load lazily loaded font '../../../Engine/Content/Editor/Slate/Fonts/FontAwesome.ttf' (139K)
[2019.07.26-07.21.17:281][  0]LogRenderer: Reallocating scene render targets to support 1208x576 Format 10 NumSamples 1 (Frame:1).
[2019.07.26-07.21.17:459][  0]LogSlate: FSceneViewport::OnFocusLost() reason 2
[2019.07.26-07.21.17:477][  0]LogSlate: Window 'Tutorials' being destroyed
[2019.07.26-07.21.17:507][  0]LogContentBrowser: Native class hierarchy updated for 'HierarchicalLODOutliner' in 0.0003 seconds. Added 0 classes and 0 folders.
[2019.07.26-07.21.17:507][  0]LogLoad: (Engine Initialization) Total time: 9.57 seconds
[2019.07.26-07.21.17:507][  0]LogLoad: (Engine Initialization) Total Blueprint compile time: 0.00 seconds
[2019.07.26-07.21.17:517][  0]LogWindowsTextInputMethodSystem: Display: IME system now deactivated.
[2019.07.26-07.21.17:539][  0]LogContentStreaming: Texture pool size now 1000 MB
[2019.07.26-07.21.17:545][  0]LogSlate: FSceneViewport::OnFocusLost() reason 2
[2019.07.26-07.21.17:569][  0]LogSlate: Took 0.001333 seconds to synchronously load lazily loaded font '../../../Engine/Content/Slate/Fonts/Roboto-Light.ttf' (167K)
[2019.07.26-07.21.17:594][  1]LogAssetRegistry: Asset discovery search completed in 5.1702 seconds
[2019.07.26-07.21.17:595][  1]LogCollectionManager: Rebuilt the object cache for 0 collections in 0.000000 seconds (found 0 objects)
[2019.07.26-07.21.17:595][  1]LogCollectionManager: Fixed up redirectors for 0 collections in 0.000056 seconds (updated 0 objects)
[2019.07.26-07.21.21:872][475]LogSlate: Window 'Message Log' being destroyed
[2019.07.26-07.21.21:875][475]LogSlate: Window 'Message Log' being destroyed
[2019.07.26-07.21.22:667][569]LogSlate: FSceneViewport::OnFocusLost() reason 0
[2019.07.26-07.21.28:452][256]LogEditorViewport: Clicking on Actor (LMB): StaticMeshActor (Chair)
[2019.07.26-07.21.29:031][305]LogEditorViewport: Clicking on Actor (LMB): StaticMeshActor (Chair)
[2019.07.26-07.21.31:788][612]LogEditorViewport: Clicking on Actor (LMB): BP_Sky_Sphere_C (BP_Sky_Sphere)
[2019.07.26-07.21.33:338][780]LogSlate: FSceneViewport::OnFocusLost() reason 2
[2019.07.26-07.21.34:665][932]LogSlate: Took 0.000287 seconds to synchronously load lazily loaded font '../../../Engine/Content/Slate/Fonts/Roboto-Light.ttf' (167K)
[2019.07.26-07.21.34:667][932]LogSlate: FSceneViewport::OnFocusLost() reason 2
[2019.07.26-07.21.34:922][932]LogSavePackage: Moving '../../../../../../JBGKS1/DungeonChef/DungeonChef/Saved/Minimal_Default010B1D974DFF4884025639A05FF485B3.tmp' to '../../../../../../JBGKS1/DungeonChef/DungeonChef/Content/StarterContent/Maps/Minimal_Default.umap'
[2019.07.26-07.21.34:947][932]LogFileHelpers: Saving map 'Minimal_Default' took 0.273
[2019.07.26-07.21.37:366][192]LogSlate: FSceneViewport::OnFocusLost() reason 0
